Resource Usage Report for HandshakeSynchronizer 

Mapping to part: m2s010vf400std
Cell usage:
CLKINT          3 uses
CFG1           2 uses
CFG2           20 uses
CFG3           5 uses
CFG4           3 uses

Carry cells:
ARI1            8 uses - used for arithmetic functions


Sequential Cells: 
SLE            43 uses

DSP Blocks:    0 of 22 (0%)

I/O ports: 20
I/O primitives: 20
INBUF          4 uses
OUTBUF         16 uses


Global Clock Buffers: 3

Total LUTs:    38

Extra resources required for RAM and MACC interface logic during P&R:

RAM64x18 Interface Logic : SLEs = 0; LUTs = 0;
RAM1K18  Interface Logic : SLEs = 0; LUTs = 0;
MACC     Interface Logic : SLEs = 0; LUTs = 0;

Total number of SLEs after P&R:  43 + 0 + 0 + 0 = 43;
Total number of LUTs after P&R:  38 + 0 + 0 + 0 = 38;

