Resource Report
Microsemi Corporation - Microsemi Libero Software Release v12.6 (Version 12.900.20.24)
Date: Tue Nov 28 19:30:28 2023

Device Selection
+--------------------------------+----------------+
| Family                         | SmartFusion2   |
| Device                         | M2S010         |
| Package                        | 144 TQ         |
| Speed Grade                    | STD            |
| Temp                           | 0:25:85        |
| Voltage                        | 1.26:1.20:1.14 |
| Core Voltage                   | 1.2V           |
| Ramp Rate                      | 100ms Minimum  |
| System Controller Suspend Mode | No             |
| PLL Supply Voltage             | 2.5V           |
| Default I/O technology         | LVCMOS 2.5V    |
| Restrict Probe Pins            | Yes            |
| Restrict SPI Pins              | No             |
+--------------------------------+----------------+

Source Files
+---------+------------------------------------------------------------------------------------+
| Topcell | CDC3FF                                                                             |
| Format  | Verilog                                                                            |
| Source  | X:\Graduate\ECEN5863\ProgrammableLogic\Homework5\HW5_1b\HW5_1b\synthesis\CDC3FF.vm |
+---------+------------------------------------------------------------------------------------+

Options
+----------------------------------------------------+-------+
| Enable Single Event Transient mitigation           | false |
| Enable Design Separation Methodology               | false |
| Limit the number of high fanout nets to display to | 10    |
+----------------------------------------------------+-------+

Resource Usage
+---------------------------+------+-------+------------+
| Type                      | Used | Total | Percentage |
+---------------------------+------+-------+------------+
| 4LUT                      | 1    | 12084 | 0.01       |
| DFF                       | 4    | 12084 | 0.03       |
| I/O Register              | 0    | 252   | 0.00       |
| User I/O                  | 4    | 84    | 4.76       |
| -- Single-ended I/O       | 4    | 84    | 4.76       |
| -- Differential I/O Pairs | 0    | 37    | 0.00       |
| RAM64x18                  | 0    | 22    | 0.00       |
| RAM1K18                   | 0    | 21    | 0.00       |
| MACC                      | 0    | 22    | 0.00       |
| Chip Globals              | 1    | 8     | 12.50      |
| CCC                       | 0    | 2     | 0.00       |
| RCOSC_25_50MHZ            | 0    | 1     | 0.00       |
| RCOSC_1MHZ                | 0    | 1     | 0.00       |
| XTLOSC                    | 0    | 1     | 0.00       |
| MSS                       | 0    | 1     | 0.00       |
+---------------------------+------+-------+------------+

Detailed Logic Resource Usage
+--------------------------+------+-----+
| Type                     | 4LUT | DFF |
+--------------------------+------+-----+
| Fabric Logic             | 1    | 4   |
| RAM64x18 Interface Logic | 0    | 0   |
| RAM1K18 Interface Logic  | 0    | 0   |
| MACC Interface Logic     | 0    | 0   |
| Total Used               | 1    | 4   |
+--------------------------+------+-----+

I/O Function
+-------------------------------+--------------+-------------+-----------------+
| Type                          | w/o register | w/ register | w/ DDR register |
+-------------------------------+--------------+-------------+-----------------+
| Input I/O                     | 3            | 0           | 0               |
| Output I/O                    | 1            | 0           | 0               |
| Bidirectional I/O             | 0            | 0           | 0               |
| Differential Input I/O Pairs  | 0            | 0           | 0               |
| Differential Output I/O Pairs | 0            | 0           | 0               |
+-------------------------------+--------------+-------------+-----------------+

I/O Technology
+--------------+--------+------+-------+--------+---------------+
| I/O Standard | Vddi   | Vref | Input | Output | Bidirectional |
+--------------+--------+------+-------+--------+---------------+
| LVCMOS25     |  2.50v |  N/A |  3    |  1     |  0            |
+--------------+--------+------+-------+--------+---------------+

Nets assigned to chip global resources
+--------+---------+-----------------------------------+
| Fanout | Type    | Name                              |
+--------+---------+-----------------------------------+
| 3      | INT_NET | Net   : Bclk_c                    |
|        |         | Driver: Bclk_ibuf_RNI1GRC/U0_RGB1 |
|        |         | Source: NETLIST                   |
+--------+---------+-----------------------------------+

Nets assigned to row global resources
+--------+------+------+
| Fanout | Type | Name |
+--------+------+------+
+--------+------+------+

High fanout nets
+--------+---------+------------------------------------------------+
| Fanout | Type    | Name                                           |
+--------+---------+------------------------------------------------+
| 4      | INT_NET | Net   : reset_c                                |
|        |         | Driver: reset_ibuf                             |
| 2      | INT_NET | Net   : data_Z                                 |
|        |         | Driver: data                                   |
| 1      | INT_NET | Net   : FF1_d_Z                                |
|        |         | Driver: FF1_d                                  |
| 1      | INT_NET | Net   : FF2_d_Z                                |
|        |         | Driver: FF2_d                                  |
| 1      | INT_NET | Net   : Aclk_c                                 |
|        |         | Driver: Aclk_ibuf                              |
| 1      | INT_NET | Net   : Bclk_ibuf_RNI1GRC/U0_YNn               |
|        |         | Driver: Bclk_ibuf_RNI1GRC                      |
| 1      | INT_NET | Net   : Dout_c                                 |
|        |         | Driver: Dout_Z                                 |
| 1      | INT_NET | Net   : data_i                                 |
|        |         | Driver: data_RNO                               |
| 1      | INT_NET | Net   : Bclk_ibuf_Z                            |
|        |         | Driver: Bclk_ibuf                              |
| 1      | INT_NET | Net   : ff_to_start_net                        |
|        |         | Driver: flash_freeze_inst/INST_FLASH_FREEZE_IP |
+--------+---------+------------------------------------------------+

High fanout nets (through buffer trees)
+--------+---------+------------------------------------------------+
| Fanout | Type    | Name                                           |
+--------+---------+------------------------------------------------+
| 4      | INT_NET | Net   : reset_c                                |
|        |         | Driver: reset_ibuf                             |
| 2      | INT_NET | Net   : data_Z                                 |
|        |         | Driver: data                                   |
| 1      | INT_NET | Net   : FF1_d_Z                                |
|        |         | Driver: FF1_d                                  |
| 1      | INT_NET | Net   : FF2_d_Z                                |
|        |         | Driver: FF2_d                                  |
| 1      | INT_NET | Net   : Aclk_c                                 |
|        |         | Driver: Aclk_ibuf                              |
| 1      | INT_NET | Net   : Bclk_ibuf_RNI1GRC/U0_YNn               |
|        |         | Driver: Bclk_ibuf_RNI1GRC                      |
| 1      | INT_NET | Net   : Dout_c                                 |
|        |         | Driver: Dout_Z                                 |
| 1      | INT_NET | Net   : data_i                                 |
|        |         | Driver: data_RNO                               |
| 1      | INT_NET | Net   : Bclk_ibuf_Z                            |
|        |         | Driver: Bclk_ibuf                              |
| 1      | INT_NET | Net   : ff_to_start_net                        |
|        |         | Driver: flash_freeze_inst/INST_FLASH_FREEZE_IP |
+--------+---------+------------------------------------------------+

