Resource Usage Report for HW2P7 

Mapping to part: m2s010vf400std
Cell usage:
CLKINT          1 use
CFG2           1 use
CFG3           3 uses
CFG4           7 uses


Sequential Cells: 
SLE            4 uses

DSP Blocks:    0 of 22 (0%)

I/O ports: 14
I/O primitives: 14
INBUF          9 uses
OUTBUF         5 uses


Global Clock Buffers: 1

Total LUTs:    11

Extra resources required for RAM and MACC interface logic during P&R:

RAM64x18 Interface Logic : SLEs = 0; LUTs = 0;
RAM1K18  Interface Logic : SLEs = 0; LUTs = 0;
MACC     Interface Logic : SLEs = 0; LUTs = 0;

Total number of SLEs after P&R:  4 + 0 + 0 + 0 = 4;
Total number of LUTs after P&R:  11 + 0 + 0 + 0 = 11;

