
Copyright (C) 1994-2020 Synopsys, Inc.
This Synopsys software and all associated documentation are proprietary to Synopsys, Inc.
and may only be used pursuant to the terms and conditions of a written license agreement
with Synopsys, Inc. All other use, reproduction, modification, or distribution of the
Synopsys software or the associated documentation is strictly prohibited.
Tool: Synplify Pro (R)
Build: Q-2020.03M-SP1
Install: D:\Microsemi\Libero_SoC_v12.6\SynplifyPro
OS: Windows 6.2

Hostname: STARGATE-COMMAN

Implementation : synthesis

# Written on Tue Nov 28 17:20:02 2023

##### DESIGN INFO #######################################################

Top View:                "CDC3FF"
Constraint File(s):      "X:\Graduate\ECEN5863\ProgrammableLogic\Homework5\HW5_1a\HW5_1a\designer\CDC3FF\synthesis.fdc"




##### SUMMARY ############################################################

Found 0 issues in 0 out of 4 constraints


##### DETAILS ############################################################



Clock Relationships
*******************

Starting     Ending     |     rise to rise     |     fall to fall     |     rise to fall     |     fall to rise                     
-----------------------------------------------------------------------------------------------------------------------------------
Aclk         Aclk       |     20.000           |     No paths         |     No paths         |     No paths                         
Aclk         Bclk       |     0.126            |     No paths         |     No paths         |     No paths                         
Bclk         Bclk       |     36.101           |     No paths         |     No paths         |     No paths                         
===================================================================================================================================
 Note: 'No paths' indicates there are no paths in the design for that pair of clock edges.
       'Diff grp' indicates that paths exist but the starting clock and ending clock are in different clock groups.


@W|Paths from clock (Aclk:r) to clock (Bclk:r) are overconstrained because the required time of 0.13 ns is too small. 


Unconstrained Start/End Points
******************************

(none)


Inapplicable constraints
************************

(none)


Applicable constraints with issues
**********************************

(none)


Constraints with matching wildcard expressions
**********************************************

(none)


Library Report
**************


# End of Constraint Checker Report
