One matching license found for this product: synplifypro_actel

Starting:    D:\Microsemi\Libero_SoC_v12.6\SynplifyPro\bin64\mbin\synbatch.exe
Install:     D:\Microsemi\Libero_SoC_v12.6\SynplifyPro
Hostname:    STARGATE-COMMAN
Date:        Sat Nov 18 16:03:50 2023
Version:     Q-2020.03M-SP1

Arguments:   -product synplify_pro -batch -log synplify.log HW4_Q2B_syn.tcl
ProductType: synplify_pro

License checkout: synplifypro_actel
License: synplifypro_actel node-locked 
Licensed Vendor: actel
License Option: actel_oem

Running in Vendor Mode

auto_infer_blackbox is not supported in current product.
log file: "X:\Graduate\ECEN5863\ProgrammableLogic\Homework4\Question2\B\HW4_Q2B\synthesis\HW4_Q2B.srr"
Running: synthesis in foreground

Running HW4_Q2B_syn|synthesis

Running Flow: compile (Compile) on HW4_Q2B_syn|synthesis
# Sat Nov 18 16:03:51 2023

Running Flow: compile_flow (Compile Process) on HW4_Q2B_syn|synthesis
# Sat Nov 18 16:03:51 2023

Running: compiler (Compile Input) on HW4_Q2B_syn|synthesis
# Sat Nov 18 16:03:51 2023
Copied X:\Graduate\ECEN5863\ProgrammableLogic\Homework4\Question2\B\HW4_Q2B\synthesis\synwork\HW4_Q2B_comp.srs to X:\Graduate\ECEN5863\ProgrammableLogic\Homework4\Question2\B\HW4_Q2B\synthesis\HW4_Q2B.srs

compiler completed
# Sat Nov 18 16:03:53 2023

Return Code: 0
Run Time:00h:00m:02s

Running: multi_srs_gen (Multi-srs Generator) on HW4_Q2B_syn|synthesis
# Sat Nov 18 16:03:53 2023

multi_srs_gen completed
# Sat Nov 18 16:03:53 2023

Return Code: 0
Run Time:00h:00m:00s
Copied X:\Graduate\ECEN5863\ProgrammableLogic\Homework4\Question2\B\HW4_Q2B\synthesis\synwork\HW4_Q2B_mult.srs to X:\Graduate\ECEN5863\ProgrammableLogic\Homework4\Question2\B\HW4_Q2B\synthesis\HW4_Q2B.srs
Complete: Compile Process on HW4_Q2B_syn|synthesis

Running: premap (Premap) on HW4_Q2B_syn|synthesis
# Sat Nov 18 16:03:53 2023

premap completed with warnings
# Sat Nov 18 16:03:55 2023

Return Code: 1
Run Time:00h:00m:02s
Complete: Compile on HW4_Q2B_syn|synthesis

Running Flow: map (Map) on HW4_Q2B_syn|synthesis
# Sat Nov 18 16:03:55 2023
License granted for 4 parallel jobs

Running: fpga_mapper (Map & Optimize) on HW4_Q2B_syn|synthesis
# Sat Nov 18 16:03:55 2023
Copied X:\Graduate\ECEN5863\ProgrammableLogic\Homework4\Question2\B\HW4_Q2B\synthesis\synwork\HW4_Q2B_m.srm to X:\Graduate\ECEN5863\ProgrammableLogic\Homework4\Question2\B\HW4_Q2B\synthesis\HW4_Q2B.srm

fpga_mapper completed with warnings
# Sat Nov 18 16:03:58 2023

Return Code: 1
Run Time:00h:00m:03s
Complete: Map on HW4_Q2B_syn|synthesis
Complete: Logic Synthesis on HW4_Q2B_syn|synthesis
TCL script complete: "HW4_Q2B_syn.tcl"
exit status=0
exit status=0
License checkin: synplifypro_actel
