# Reading pref.tcl
# do run.do
# INFO: Simulation library ../designer/CDC3FF/simulation/postlayout already exists
# Model Technology ModelSim Microsemi vmap 2020.3 Lib Mapping Utility 2020.07 Jul 13 2020
# vmap postlayout ../designer/CDC3FF/simulation/postlayout 
# Modifying modelsim.ini
# Model Technology ModelSim Microsemi vmap 2020.3 Lib Mapping Utility 2020.07 Jul 13 2020
# vmap SmartFusion2 D:/Microsemi/Libero_SoC_v12.6/Designer/lib/modelsimpro/precompiled/vlog/SmartFusion2 
# Modifying modelsim.ini
# Model Technology ModelSim Microsemi vlog 2020.3 Compiler 2020.07 Jul 13 2020
# Start time: 18:29:08 on Nov 27,2023
# vlog -reportprogress 300 -sv -work postlayout X:/Graduate/ECEN5863/ProgrammableLogic/Homework5/HW5/designer/CDC3FF/CDC3FF_ba.v 
# -- Compiling module sdf_IOPAD_TRI
# -- Compiling module sdf_IOPAD_IN
# -- Compiling module CDC3FF
# 
# Top level modules:
# 	CDC3FF
# End time: 18:29:08 on Nov 27,2023, Elapsed time: 0:00:00
# Errors: 0, Warnings: 0
# Model Technology ModelSim Microsemi vcom 2020.3 Compiler 2020.07 Jul 13 2020
# Start time: 18:29:09 on Nov 27,2023
# vcom -reportprogress 300 -2008 -explicit -work postlayout X:/Graduate/ECEN5863/ProgrammableLogic/Homework5/HW5/stimulus/CDC3FF_tb.vhd 
# -- Loading package STANDARD
# -- Loading package TEXTIO
# -- Loading package std_logic_1164
# -- Compiling entity CDC3FF_tb
# -- Compiling architecture behavioral of CDC3FF_tb
# End time: 18:29:09 on Nov 27,2023, Elapsed time: 0:00:00
# Errors: 0, Warnings: 0
# vsim -L SmartFusion2 -L postlayout -t 1fs -sdfmax "/CDC3FF_0=X:/Graduate/ECEN5863/ProgrammableLogic/Homework5/HW5/designer/CDC3FF/CDC3FF_ba.sdf" "+transport_path_delays" postlayout.CDC3FF_tb 
# Start time: 18:29:09 on Nov 27,2023
# //  ModelSim Microsemi 2020.3 Jul 13 2020
# //
# //  Copyright 1991-2020 Mentor Graphics Corporation
# //  All Rights Reserved.
# //
# //  ModelSim Microsemi and its associated documentation contain trade
# //  secrets and commercial or financial information that are the property of
# //  Mentor Graphics Corporation and are privileged, confidential,
# //  and exempt from disclosure under the Freedom of Information Act,
# //  5 U.S.C. Section 552. Furthermore, this information
# //  is prohibited from disclosure under the Trade Secrets Act,
# //  18 U.S.C. Section 1905.
# //
# Loading std.standard
# Loading std.textio(body)
# Loading ieee.std_logic_1164(body)
# Loading postlayout.cdc3ff_tb(behavioral)
# Microsemi version supports only a single HDL
# ** Error: (vsim-3039) Instantiation of 'CDC3FF' failed.
#    Time: 0 fs  Iteration: 0  Instance: /cdc3ff_tb File: X:/Graduate/ECEN5863/ProgrammableLogic/Homework5/HW5/stimulus/CDC3FF_tb.vhd Line: 91
# Loading instances from X:/Graduate/ECEN5863/ProgrammableLogic/Homework5/HW5/designer/CDC3FF/CDC3FF_ba.sdf
# ** Error (suppressible): (vsim-SDF-3250) X:/Graduate/ECEN5863/ProgrammableLogic/Homework5/HW5/designer/CDC3FF/CDC3FF_ba.sdf(0): Failed to find INSTANCE '/CDC3FF_0'.
# ** Error (suppressible): (vsim-SDF-3894) : Errors occured in reading and resolving instances from compiled SDF file(s).
# ** Error (suppressible): (vsim-SDF-3250) X:/Graduate/ECEN5863/ProgrammableLogic/Homework5/HW5/designer/CDC3FF/CDC3FF_ba.sdf(0): Failed to find INSTANCE '/CDC3FF_0'.
# Error loading design
# Error: Error loading design
#        Pausing macro execution
# MACRO ./run.do PAUSED at line 16
vsim postlayout.CDC3FF
# vsim postlayout.CDC3FF 
# Start time: 18:29:09 on Nov 27,2023
# Loading sv_std.std
# Loading postlayout.CDC3FF
# ** Error: (vsim-3033) Instantiation of 'IOTRI_OB_EB' failed. The design unit was not found.
#    Time: 0 ns  Iteration: 0  Instance: /CDC3FF File: X:/Graduate/ECEN5863/ProgrammableLogic/Homework5/HW5/designer/CDC3FF/CDC3FF_ba.v Line: 72
#         Searched libraries:
#             X:/Graduate/ECEN5863/ProgrammableLogic/Homework5/HW5/designer/CDC3FF/simulation/postlayout
# ** Error: (vsim-3033) Instantiation of 'IOIN_IB' failed. The design unit was not found.
#    Time: 0 ns  Iteration: 0  Instance: /CDC3FF File: X:/Graduate/ECEN5863/ProgrammableLogic/Homework5/HW5/designer/CDC3FF/CDC3FF_ba.v Line: 74
#         Searched libraries:
#             X:/Graduate/ECEN5863/ProgrammableLogic/Homework5/HW5/designer/CDC3FF/simulation/postlayout
# ** Error: (vsim-3033) Instantiation of 'IOINFF_BYPASS' failed. The design unit was not found.
#    Time: 0 ns  Iteration: 0  Instance: /CDC3FF File: X:/Graduate/ECEN5863/ProgrammableLogic/Homework5/HW5/designer/CDC3FF/CDC3FF_ba.v Line: 76
#         Searched libraries:
#             X:/Graduate/ECEN5863/ProgrammableLogic/Homework5/HW5/designer/CDC3FF/simulation/postlayout
# ** Error: (vsim-3033) Instantiation of 'SLE' failed. The design unit was not found.
#    Time: 0 ns  Iteration: 0  Instance: /CDC3FF File: X:/Graduate/ECEN5863/ProgrammableLogic/Homework5/HW5/designer/CDC3FF/CDC3FF_ba.v Line: 78
#         Searched libraries:
#             X:/Graduate/ECEN5863/ProgrammableLogic/Homework5/HW5/designer/CDC3FF/simulation/postlayout
# ** Error: (vsim-3033) Instantiation of 'SLE' failed. The design unit was not found.
#    Time: 0 ns  Iteration: 0  Instance: /CDC3FF File: X:/Graduate/ECEN5863/ProgrammableLogic/Homework5/HW5/designer/CDC3FF/CDC3FF_ba.v Line: 81
#         Searched libraries:
#             X:/Graduate/ECEN5863/ProgrammableLogic/Homework5/HW5/designer/CDC3FF/simulation/postlayout
# Loading postlayout.sdf_IOPAD_TRI
# ** Error: (vsim-3033) Instantiation of 'IOPAD_TRI_VDDI' failed. The design unit was not found.
#    Time: 0 ns  Iteration: 0  Instance: /CDC3FF/\Dout_obuf/U0/U_IOPAD  File: X:/Graduate/ECEN5863/ProgrammableLogic/Homework5/HW5/designer/CDC3FF/CDC3FF_ba.v Line: 17
#         Searched libraries:
#             X:/Graduate/ECEN5863/ProgrammableLogic/Homework5/HW5/designer/CDC3FF/simulation/postlayout
# ** Error: (vsim-3033) Instantiation of 'IOPAD_VDD' failed. The design unit was not found.
#    Time: 0 ns  Iteration: 0  Instance: /CDC3FF/\Dout_obuf/U0/U_IOPAD  File: X:/Graduate/ECEN5863/ProgrammableLogic/Homework5/HW5/designer/CDC3FF/CDC3FF_ba.v Line: 19
#         Searched libraries:
#             X:/Graduate/ECEN5863/ProgrammableLogic/Homework5/HW5/designer/CDC3FF/simulation/postlayout
# ** Error: (vsim-3033) Instantiation of 'GB_NG' failed. The design unit was not found.
#    Time: 0 ns  Iteration: 0  Instance: /CDC3FF File: X:/Graduate/ECEN5863/ProgrammableLogic/Homework5/HW5/designer/CDC3FF/CDC3FF_ba.v Line: 86
#         Searched libraries:
#             X:/Graduate/ECEN5863/ProgrammableLogic/Homework5/HW5/designer/CDC3FF/simulation/postlayout
# ** Error: (vsim-3033) Instantiation of 'INV_BA' failed. The design unit was not found.
#    Time: 0 ns  Iteration: 0  Instance: /CDC3FF File: X:/Graduate/ECEN5863/ProgrammableLogic/Homework5/HW5/designer/CDC3FF/CDC3FF_ba.v Line: 88
#         Searched libraries:
#             X:/Graduate/ECEN5863/ProgrammableLogic/Homework5/HW5/designer/CDC3FF/simulation/postlayout
# ** Error: (vsim-3033) Instantiation of 'IP_INTERFACE' failed. The design unit was not found.
#    Time: 0 ns  Iteration: 0  Instance: /CDC3FF File: X:/Graduate/ECEN5863/ProgrammableLogic/Homework5/HW5/designer/CDC3FF/CDC3FF_ba.v Line: 89
#         Searched libraries:
#             X:/Graduate/ECEN5863/ProgrammableLogic/Homework5/HW5/designer/CDC3FF/simulation/postlayout
# ** Error: (vsim-3033) Instantiation of 'INV_BA' failed. The design unit was not found.
#    Time: 0 ns  Iteration: 0  Instance: /CDC3FF File: X:/Graduate/ECEN5863/ProgrammableLogic/Homework5/HW5/designer/CDC3FF/CDC3FF_ba.v Line: 91
#         Searched libraries:
#             X:/Graduate/ECEN5863/ProgrammableLogic/Homework5/HW5/designer/CDC3FF/simulation/postlayout
# ** Error: (vsim-3033) Instantiation of 'SLE' failed. The design unit was not found.
#    Time: 0 ns  Iteration: 0  Instance: /CDC3FF File: X:/Graduate/ECEN5863/ProgrammableLogic/Homework5/HW5/designer/CDC3FF/CDC3FF_ba.v Line: 92
#         Searched libraries:
#             X:/Graduate/ECEN5863/ProgrammableLogic/Homework5/HW5/designer/CDC3FF/simulation/postlayout
# ** Error: (vsim-3033) Instantiation of 'CFG1' failed. The design unit was not found.
#    Time: 0 ns  Iteration: 0  Instance: /CDC3FF File: X:/Graduate/ECEN5863/ProgrammableLogic/Homework5/HW5/designer/CDC3FF/CDC3FF_ba.v Line: 95
#         Searched libraries:
#             X:/Graduate/ECEN5863/ProgrammableLogic/Homework5/HW5/designer/CDC3FF/simulation/postlayout
# ** Error: (vsim-3033) Instantiation of 'INV_BA' failed. The design unit was not found.
#    Time: 0 ns  Iteration: 0  Instance: /CDC3FF File: X:/Graduate/ECEN5863/ProgrammableLogic/Homework5/HW5/designer/CDC3FF/CDC3FF_ba.v Line: 96
#         Searched libraries:
#             X:/Graduate/ECEN5863/ProgrammableLogic/Homework5/HW5/designer/CDC3FF/simulation/postlayout
# ** Error: (vsim-3033) Instantiation of 'INV_BA' failed. The design unit was not found.
#    Time: 0 ns  Iteration: 0  Instance: /CDC3FF File: X:/Graduate/ECEN5863/ProgrammableLogic/Homework5/HW5/designer/CDC3FF/CDC3FF_ba.v Line: 97
#         Searched libraries:
#             X:/Graduate/ECEN5863/ProgrammableLogic/Homework5/HW5/designer/CDC3FF/simulation/postlayout
# ** Error: (vsim-3033) Instantiation of 'INV_BA' failed. The design unit was not found.
#    Time: 0 ns  Iteration: 0  Instance: /CDC3FF File: X:/Graduate/ECEN5863/ProgrammableLogic/Homework5/HW5/designer/CDC3FF/CDC3FF_ba.v Line: 98
#         Searched libraries:
#             X:/Graduate/ECEN5863/ProgrammableLogic/Homework5/HW5/designer/CDC3FF/simulation/postlayout
# ** Error: (vsim-3033) Instantiation of 'IOINFF_BYPASS' failed. The design unit was not found.
#    Time: 0 ns  Iteration: 0  Instance: /CDC3FF File: X:/Graduate/ECEN5863/ProgrammableLogic/Homework5/HW5/designer/CDC3FF/CDC3FF_ba.v Line: 99
#         Searched libraries:
#             X:/Graduate/ECEN5863/ProgrammableLogic/Homework5/HW5/designer/CDC3FF/simulation/postlayout
# ** Error: (vsim-3033) Instantiation of 'IOOUTFF_BYPASS' failed. The design unit was not found.
#    Time: 0 ns  Iteration: 0  Instance: /CDC3FF File: X:/Graduate/ECEN5863/ProgrammableLogic/Homework5/HW5/designer/CDC3FF/CDC3FF_ba.v Line: 101
#         Searched libraries:
#             X:/Graduate/ECEN5863/ProgrammableLogic/Homework5/HW5/designer/CDC3FF/simulation/postlayout
# Loading postlayout.sdf_IOPAD_IN
# ** Error: (vsim-3033) Instantiation of 'IOPAD_IN_VDDI' failed. The design unit was not found.
#    Time: 0 ns  Iteration: 0  Instance: /CDC3FF/\Bclk_ibuf/U0/U_IOPAD  File: X:/Graduate/ECEN5863/ProgrammableLogic/Homework5/HW5/designer/CDC3FF/CDC3FF_ba.v Line: 36
#         Searched libraries:
#             X:/Graduate/ECEN5863/ProgrammableLogic/Homework5/HW5/designer/CDC3FF/simulation/postlayout
# ** Error: (vsim-3033) Instantiation of 'IOPAD_DELAY' failed. The design unit was not found.
#    Time: 0 ns  Iteration: 0  Instance: /CDC3FF/\Bclk_ibuf/U0/U_IOPAD  File: X:/Graduate/ECEN5863/ProgrammableLogic/Homework5/HW5/designer/CDC3FF/CDC3FF_ba.v Line: 37
#         Searched libraries:
#             X:/Graduate/ECEN5863/ProgrammableLogic/Homework5/HW5/designer/CDC3FF/simulation/postlayout
# ** Error: (vsim-3033) Instantiation of 'IOPAD_VDD' failed. The design unit was not found.
#    Time: 0 ns  Iteration: 0  Instance: /CDC3FF/\Bclk_ibuf/U0/U_IOPAD  File: X:/Graduate/ECEN5863/ProgrammableLogic/Homework5/HW5/designer/CDC3FF/CDC3FF_ba.v Line: 38
#         Searched libraries:
#             X:/Graduate/ECEN5863/ProgrammableLogic/Homework5/HW5/designer/CDC3FF/simulation/postlayout
# ** Error: (vsim-3033) Instantiation of 'GND' failed. The design unit was not found.
#    Time: 0 ns  Iteration: 0  Instance: /CDC3FF/\Bclk_ibuf/U0/U_IOPAD  File: X:/Graduate/ECEN5863/ProgrammableLogic/Homework5/HW5/designer/CDC3FF/CDC3FF_ba.v Line: 40
#         Searched libraries:
#             X:/Graduate/ECEN5863/ProgrammableLogic/Homework5/HW5/designer/CDC3FF/simulation/postlayout
# ** Error: (vsim-3033) Instantiation of 'IOINFF_BYPASS' failed. The design unit was not found.
#    Time: 0 ns  Iteration: 0  Instance: /CDC3FF File: X:/Graduate/ECEN5863/ProgrammableLogic/Homework5/HW5/designer/CDC3FF/CDC3FF_ba.v Line: 104
#         Searched libraries:
#             X:/Graduate/ECEN5863/ProgrammableLogic/Homework5/HW5/designer/CDC3FF/simulation/postlayout
# ** Error: (vsim-3033) Instantiation of 'IOPAD_IN_VDDI' failed. The design unit was not found.
#    Time: 0 ns  Iteration: 0  Instance: /CDC3FF/\reset_ibuf/U0/U_IOPAD  File: X:/Graduate/ECEN5863/ProgrammableLogic/Homework5/HW5/designer/CDC3FF/CDC3FF_ba.v Line: 36
#         Searched libraries:
#             X:/Graduate/ECEN5863/ProgrammableLogic/Homework5/HW5/designer/CDC3FF/simulation/postlayout
# ** Error: (vsim-3033) Instantiation of 'IOPAD_DELAY' failed. The design unit was not found.
#    Time: 0 ns  Iteration: 0  Instance: /CDC3FF/\reset_ibuf/U0/U_IOPAD  File: X:/Graduate/ECEN5863/ProgrammableLogic/Homework5/HW5/designer/CDC3FF/CDC3FF_ba.v Line: 37
#         Searched libraries:
#             X:/Graduate/ECEN5863/ProgrammableLogic/Homework5/HW5/designer/CDC3FF/simulation/postlayout
# ** Error: (vsim-3033) Instantiation of 'IOPAD_VDD' failed. The design unit was not found.
#    Time: 0 ns  Iteration: 0  Instance: /CDC3FF/\reset_ibuf/U0/U_IOPAD  File: X:/Graduate/ECEN5863/ProgrammableLogic/Homework5/HW5/designer/CDC3FF/CDC3FF_ba.v Line: 38
#         Searched libraries:
#             X:/Graduate/ECEN5863/ProgrammableLogic/Homework5/HW5/designer/CDC3FF/simulation/postlayout
# ** Error: (vsim-3033) Instantiation of 'GND' failed. The design unit was not found.
#    Time: 0 ns  Iteration: 0  Instance: /CDC3FF/\reset_ibuf/U0/U_IOPAD  File: X:/Graduate/ECEN5863/ProgrammableLogic/Homework5/HW5/designer/CDC3FF/CDC3FF_ba.v Line: 40
#         Searched libraries:
#             X:/Graduate/ECEN5863/ProgrammableLogic/Homework5/HW5/designer/CDC3FF/simulation/postlayout
# ** Error: (vsim-3033) Instantiation of 'SLE' failed. The design unit was not found.
#    Time: 0 ns  Iteration: 0  Instance: /CDC3FF File: X:/Graduate/ECEN5863/ProgrammableLogic/Homework5/HW5/designer/CDC3FF/CDC3FF_ba.v Line: 108
#         Searched libraries:
#             X:/Graduate/ECEN5863/ProgrammableLogic/Homework5/HW5/designer/CDC3FF/simulation/postlayout
# ** Error: (vsim-3033) Instantiation of 'RGB_NG' failed. The design unit was not found.
#    Time: 0 ns  Iteration: 0  Instance: /CDC3FF File: X:/Graduate/ECEN5863/ProgrammableLogic/Homework5/HW5/designer/CDC3FF/CDC3FF_ba.v Line: 111
#         Searched libraries:
#             X:/Graduate/ECEN5863/ProgrammableLogic/Homework5/HW5/designer/CDC3FF/simulation/postlayout
# ** Error: (vsim-3033) Instantiation of 'IOENFF_BYPASS' failed. The design unit was not found.
#    Time: 0 ns  Iteration: 0  Instance: /CDC3FF File: X:/Graduate/ECEN5863/ProgrammableLogic/Homework5/HW5/designer/CDC3FF/CDC3FF_ba.v Line: 113
#         Searched libraries:
#             X:/Graduate/ECEN5863/ProgrammableLogic/Homework5/HW5/designer/CDC3FF/simulation/postlayout
# ** Error: (vsim-3033) Instantiation of 'FLASH_FREEZE' failed. The design unit was not found.
#    Time: 0 ns  Iteration: 0  Instance: /CDC3FF File: X:/Graduate/ECEN5863/ProgrammableLogic/Homework5/HW5/designer/CDC3FF/CDC3FF_ba.v Line: 115
#         Searched libraries:
#             X:/Graduate/ECEN5863/ProgrammableLogic/Homework5/HW5/designer/CDC3FF/simulation/postlayout
# ** Error: (vsim-3033) Instantiation of 'IOIN_IB' failed. The design unit was not found.
#    Time: 0 ns  Iteration: 0  Instance: /CDC3FF File: X:/Graduate/ECEN5863/ProgrammableLogic/Homework5/HW5/designer/CDC3FF/CDC3FF_ba.v Line: 117
#         Searched libraries:
#             X:/Graduate/ECEN5863/ProgrammableLogic/Homework5/HW5/designer/CDC3FF/simulation/postlayout
# ** Error: (vsim-3033) Instantiation of 'IOPAD_IN_VDDI' failed. The design unit was not found.
#    Time: 0 ns  Iteration: 0  Instance: /CDC3FF/\Aclk_ibuf/U0/U_IOPAD  File: X:/Graduate/ECEN5863/ProgrammableLogic/Homework5/HW5/designer/CDC3FF/CDC3FF_ba.v Line: 36
#         Searched libraries:
#             X:/Graduate/ECEN5863/ProgrammableLogic/Homework5/HW5/designer/CDC3FF/simulation/postlayout
# ** Error: (vsim-3033) Instantiation of 'IOPAD_DELAY' failed. The design unit was not found.
#    Time: 0 ns  Iteration: 0  Instance: /CDC3FF/\Aclk_ibuf/U0/U_IOPAD  File: X:/Graduate/ECEN5863/ProgrammableLogic/Homework5/HW5/designer/CDC3FF/CDC3FF_ba.v Line: 37
#         Searched libraries:
#             X:/Graduate/ECEN5863/ProgrammableLogic/Homework5/HW5/designer/CDC3FF/simulation/postlayout
# ** Error: (vsim-3033) Instantiation of 'IOPAD_VDD' failed. The design unit was not found.
#    Time: 0 ns  Iteration: 0  Instance: /CDC3FF/\Aclk_ibuf/U0/U_IOPAD  File: X:/Graduate/ECEN5863/ProgrammableLogic/Homework5/HW5/designer/CDC3FF/CDC3FF_ba.v Line: 38
#         Searched libraries:
#             X:/Graduate/ECEN5863/ProgrammableLogic/Homework5/HW5/designer/CDC3FF/simulation/postlayout
# ** Error: (vsim-3033) Instantiation of 'GND' failed. The design unit was not found.
#    Time: 0 ns  Iteration: 0  Instance: /CDC3FF/\Aclk_ibuf/U0/U_IOPAD  File: X:/Graduate/ECEN5863/ProgrammableLogic/Homework5/HW5/designer/CDC3FF/CDC3FF_ba.v Line: 40
#         Searched libraries:
#             X:/Graduate/ECEN5863/ProgrammableLogic/Homework5/HW5/designer/CDC3FF/simulation/postlayout
# ** Error: (vsim-3033) Instantiation of 'IOIN_IB' failed. The design unit was not found.
#    Time: 0 ns  Iteration: 0  Instance: /CDC3FF File: X:/Graduate/ECEN5863/ProgrammableLogic/Homework5/HW5/designer/CDC3FF/CDC3FF_ba.v Line: 121
#         Searched libraries:
#             X:/Graduate/ECEN5863/ProgrammableLogic/Homework5/HW5/designer/CDC3FF/simulation/postlayout
# ** Error: (vsim-3033) Instantiation of 'GND' failed. The design unit was not found.
#    Time: 0 ns  Iteration: 0  Instance: /CDC3FF File: X:/Graduate/ECEN5863/ProgrammableLogic/Homework5/HW5/designer/CDC3FF/CDC3FF_ba.v Line: 123
#         Searched libraries:
#             X:/Graduate/ECEN5863/ProgrammableLogic/Homework5/HW5/designer/CDC3FF/simulation/postlayout
# ** Error: (vsim-3033) Instantiation of 'VCC' failed. The design unit was not found.
#    Time: 0 ns  Iteration: 0  Instance: /CDC3FF File: X:/Graduate/ECEN5863/ProgrammableLogic/Homework5/HW5/designer/CDC3FF/CDC3FF_ba.v Line: 124
#         Searched libraries:
#             X:/Graduate/ECEN5863/ProgrammableLogic/Homework5/HW5/designer/CDC3FF/simulation/postlayout
# Error loading design
# Error: Error loading design
#        Pausing macro execution
# MACRO ./run.do PAUSED at line 16
vsim postlayout.cdc3ff_tb
# vsim postlayout.cdc3ff_tb 
# Start time: 18:29:09 on Nov 27,2023
# Loading std.standard
# Loading std.textio(body)
# Loading ieee.std_logic_1164(body)
# Loading postlayout.cdc3ff_tb(behavioral)
# Microsemi version supports only a single HDL
# ** Error: (vsim-3039) Instantiation of 'CDC3FF' failed.
#    Time: 0 ns  Iteration: 0  Instance: /cdc3ff_tb File: X:/Graduate/ECEN5863/ProgrammableLogic/Homework5/HW5/stimulus/CDC3FF_tb.vhd Line: 91
# Error loading design
# Error: Error loading design
#        Pausing macro execution
# MACRO ./run.do PAUSED at line 16
vsim postlayout.CDC3FF
# vsim postlayout.CDC3FF 
# Start time: 18:29:09 on Nov 27,2023
# Loading sv_std.std
# Loading postlayout.CDC3FF
# ** Error: (vsim-3033) Instantiation of 'IOTRI_OB_EB' failed. The design unit was not found.
#    Time: 0 ns  Iteration: 0  Instance: /CDC3FF File: X:/Graduate/ECEN5863/ProgrammableLogic/Homework5/HW5/designer/CDC3FF/CDC3FF_ba.v Line: 72
#         Searched libraries:
#             X:/Graduate/ECEN5863/ProgrammableLogic/Homework5/HW5/designer/CDC3FF/simulation/postlayout
# ** Error: (vsim-3033) Instantiation of 'IOIN_IB' failed. The design unit was not found.
#    Time: 0 ns  Iteration: 0  Instance: /CDC3FF File: X:/Graduate/ECEN5863/ProgrammableLogic/Homework5/HW5/designer/CDC3FF/CDC3FF_ba.v Line: 74
#         Searched libraries:
#             X:/Graduate/ECEN5863/ProgrammableLogic/Homework5/HW5/designer/CDC3FF/simulation/postlayout
# ** Error: (vsim-3033) Instantiation of 'IOINFF_BYPASS' failed. The design unit was not found.
#    Time: 0 ns  Iteration: 0  Instance: /CDC3FF File: X:/Graduate/ECEN5863/ProgrammableLogic/Homework5/HW5/designer/CDC3FF/CDC3FF_ba.v Line: 76
#         Searched libraries:
#             X:/Graduate/ECEN5863/ProgrammableLogic/Homework5/HW5/designer/CDC3FF/simulation/postlayout
# ** Error: (vsim-3033) Instantiation of 'SLE' failed. The design unit was not found.
#    Time: 0 ns  Iteration: 0  Instance: /CDC3FF File: X:/Graduate/ECEN5863/ProgrammableLogic/Homework5/HW5/designer/CDC3FF/CDC3FF_ba.v Line: 78
#         Searched libraries:
#             X:/Graduate/ECEN5863/ProgrammableLogic/Homework5/HW5/designer/CDC3FF/simulation/postlayout
# ** Error: (vsim-3033) Instantiation of 'SLE' failed. The design unit was not found.
#    Time: 0 ns  Iteration: 0  Instance: /CDC3FF File: X:/Graduate/ECEN5863/ProgrammableLogic/Homework5/HW5/designer/CDC3FF/CDC3FF_ba.v Line: 81
#         Searched libraries:
#             X:/Graduate/ECEN5863/ProgrammableLogic/Homework5/HW5/designer/CDC3FF/simulation/postlayout
# Loading postlayout.sdf_IOPAD_TRI
# ** Error: (vsim-3033) Instantiation of 'IOPAD_TRI_VDDI' failed. The design unit was not found.
#    Time: 0 ns  Iteration: 0  Instance: /CDC3FF/\Dout_obuf/U0/U_IOPAD  File: X:/Graduate/ECEN5863/ProgrammableLogic/Homework5/HW5/designer/CDC3FF/CDC3FF_ba.v Line: 17
#         Searched libraries:
#             X:/Graduate/ECEN5863/ProgrammableLogic/Homework5/HW5/designer/CDC3FF/simulation/postlayout
# ** Error: (vsim-3033) Instantiation of 'IOPAD_VDD' failed. The design unit was not found.
#    Time: 0 ns  Iteration: 0  Instance: /CDC3FF/\Dout_obuf/U0/U_IOPAD  File: X:/Graduate/ECEN5863/ProgrammableLogic/Homework5/HW5/designer/CDC3FF/CDC3FF_ba.v Line: 19
#         Searched libraries:
#             X:/Graduate/ECEN5863/ProgrammableLogic/Homework5/HW5/designer/CDC3FF/simulation/postlayout
# ** Error: (vsim-3033) Instantiation of 'GB_NG' failed. The design unit was not found.
#    Time: 0 ns  Iteration: 0  Instance: /CDC3FF File: X:/Graduate/ECEN5863/ProgrammableLogic/Homework5/HW5/designer/CDC3FF/CDC3FF_ba.v Line: 86
#         Searched libraries:
#             X:/Graduate/ECEN5863/ProgrammableLogic/Homework5/HW5/designer/CDC3FF/simulation/postlayout
# ** Error: (vsim-3033) Instantiation of 'INV_BA' failed. The design unit was not found.
#    Time: 0 ns  Iteration: 0  Instance: /CDC3FF File: X:/Graduate/ECEN5863/ProgrammableLogic/Homework5/HW5/designer/CDC3FF/CDC3FF_ba.v Line: 88
#         Searched libraries:
#             X:/Graduate/ECEN5863/ProgrammableLogic/Homework5/HW5/designer/CDC3FF/simulation/postlayout
# ** Error: (vsim-3033) Instantiation of 'IP_INTERFACE' failed. The design unit was not found.
#    Time: 0 ns  Iteration: 0  Instance: /CDC3FF File: X:/Graduate/ECEN5863/ProgrammableLogic/Homework5/HW5/designer/CDC3FF/CDC3FF_ba.v Line: 89
#         Searched libraries:
#             X:/Graduate/ECEN5863/ProgrammableLogic/Homework5/HW5/designer/CDC3FF/simulation/postlayout
# ** Error: (vsim-3033) Instantiation of 'INV_BA' failed. The design unit was not found.
#    Time: 0 ns  Iteration: 0  Instance: /CDC3FF File: X:/Graduate/ECEN5863/ProgrammableLogic/Homework5/HW5/designer/CDC3FF/CDC3FF_ba.v Line: 91
#         Searched libraries:
#             X:/Graduate/ECEN5863/ProgrammableLogic/Homework5/HW5/designer/CDC3FF/simulation/postlayout
# ** Error: (vsim-3033) Instantiation of 'SLE' failed. The design unit was not found.
#    Time: 0 ns  Iteration: 0  Instance: /CDC3FF File: X:/Graduate/ECEN5863/ProgrammableLogic/Homework5/HW5/designer/CDC3FF/CDC3FF_ba.v Line: 92
#         Searched libraries:
#             X:/Graduate/ECEN5863/ProgrammableLogic/Homework5/HW5/designer/CDC3FF/simulation/postlayout
# ** Error: (vsim-3033) Instantiation of 'CFG1' failed. The design unit was not found.
#    Time: 0 ns  Iteration: 0  Instance: /CDC3FF File: X:/Graduate/ECEN5863/ProgrammableLogic/Homework5/HW5/designer/CDC3FF/CDC3FF_ba.v Line: 95
#         Searched libraries:
#             X:/Graduate/ECEN5863/ProgrammableLogic/Homework5/HW5/designer/CDC3FF/simulation/postlayout
# ** Error: (vsim-3033) Instantiation of 'INV_BA' failed. The design unit was not found.
#    Time: 0 ns  Iteration: 0  Instance: /CDC3FF File: X:/Graduate/ECEN5863/ProgrammableLogic/Homework5/HW5/designer/CDC3FF/CDC3FF_ba.v Line: 96
#         Searched libraries:
#             X:/Graduate/ECEN5863/ProgrammableLogic/Homework5/HW5/designer/CDC3FF/simulation/postlayout
# ** Error: (vsim-3033) Instantiation of 'INV_BA' failed. The design unit was not found.
#    Time: 0 ns  Iteration: 0  Instance: /CDC3FF File: X:/Graduate/ECEN5863/ProgrammableLogic/Homework5/HW5/designer/CDC3FF/CDC3FF_ba.v Line: 97
#         Searched libraries:
#             X:/Graduate/ECEN5863/ProgrammableLogic/Homework5/HW5/designer/CDC3FF/simulation/postlayout
# ** Error: (vsim-3033) Instantiation of 'INV_BA' failed. The design unit was not found.
#    Time: 0 ns  Iteration: 0  Instance: /CDC3FF File: X:/Graduate/ECEN5863/ProgrammableLogic/Homework5/HW5/designer/CDC3FF/CDC3FF_ba.v Line: 98
#         Searched libraries:
#             X:/Graduate/ECEN5863/ProgrammableLogic/Homework5/HW5/designer/CDC3FF/simulation/postlayout
# ** Error: (vsim-3033) Instantiation of 'IOINFF_BYPASS' failed. The design unit was not found.
#    Time: 0 ns  Iteration: 0  Instance: /CDC3FF File: X:/Graduate/ECEN5863/ProgrammableLogic/Homework5/HW5/designer/CDC3FF/CDC3FF_ba.v Line: 99
#         Searched libraries:
#             X:/Graduate/ECEN5863/ProgrammableLogic/Homework5/HW5/designer/CDC3FF/simulation/postlayout
# ** Error: (vsim-3033) Instantiation of 'IOOUTFF_BYPASS' failed. The design unit was not found.
#    Time: 0 ns  Iteration: 0  Instance: /CDC3FF File: X:/Graduate/ECEN5863/ProgrammableLogic/Homework5/HW5/designer/CDC3FF/CDC3FF_ba.v Line: 101
#         Searched libraries:
#             X:/Graduate/ECEN5863/ProgrammableLogic/Homework5/HW5/designer/CDC3FF/simulation/postlayout
# Loading postlayout.sdf_IOPAD_IN
# ** Error: (vsim-3033) Instantiation of 'IOPAD_IN_VDDI' failed. The design unit was not found.
#    Time: 0 ns  Iteration: 0  Instance: /CDC3FF/\Bclk_ibuf/U0/U_IOPAD  File: X:/Graduate/ECEN5863/ProgrammableLogic/Homework5/HW5/designer/CDC3FF/CDC3FF_ba.v Line: 36
#         Searched libraries:
#             X:/Graduate/ECEN5863/ProgrammableLogic/Homework5/HW5/designer/CDC3FF/simulation/postlayout
# ** Error: (vsim-3033) Instantiation of 'IOPAD_DELAY' failed. The design unit was not found.
#    Time: 0 ns  Iteration: 0  Instance: /CDC3FF/\Bclk_ibuf/U0/U_IOPAD  File: X:/Graduate/ECEN5863/ProgrammableLogic/Homework5/HW5/designer/CDC3FF/CDC3FF_ba.v Line: 37
#         Searched libraries:
#             X:/Graduate/ECEN5863/ProgrammableLogic/Homework5/HW5/designer/CDC3FF/simulation/postlayout
# ** Error: (vsim-3033) Instantiation of 'IOPAD_VDD' failed. The design unit was not found.
#    Time: 0 ns  Iteration: 0  Instance: /CDC3FF/\Bclk_ibuf/U0/U_IOPAD  File: X:/Graduate/ECEN5863/ProgrammableLogic/Homework5/HW5/designer/CDC3FF/CDC3FF_ba.v Line: 38
#         Searched libraries:
#             X:/Graduate/ECEN5863/ProgrammableLogic/Homework5/HW5/designer/CDC3FF/simulation/postlayout
# ** Error: (vsim-3033) Instantiation of 'GND' failed. The design unit was not found.
#    Time: 0 ns  Iteration: 0  Instance: /CDC3FF/\Bclk_ibuf/U0/U_IOPAD  File: X:/Graduate/ECEN5863/ProgrammableLogic/Homework5/HW5/designer/CDC3FF/CDC3FF_ba.v Line: 40
#         Searched libraries:
#             X:/Graduate/ECEN5863/ProgrammableLogic/Homework5/HW5/designer/CDC3FF/simulation/postlayout
# ** Error: (vsim-3033) Instantiation of 'IOINFF_BYPASS' failed. The design unit was not found.
#    Time: 0 ns  Iteration: 0  Instance: /CDC3FF File: X:/Graduate/ECEN5863/ProgrammableLogic/Homework5/HW5/designer/CDC3FF/CDC3FF_ba.v Line: 104
#         Searched libraries:
#             X:/Graduate/ECEN5863/ProgrammableLogic/Homework5/HW5/designer/CDC3FF/simulation/postlayout
# ** Error: (vsim-3033) Instantiation of 'IOPAD_IN_VDDI' failed. The design unit was not found.
#    Time: 0 ns  Iteration: 0  Instance: /CDC3FF/\reset_ibuf/U0/U_IOPAD  File: X:/Graduate/ECEN5863/ProgrammableLogic/Homework5/HW5/designer/CDC3FF/CDC3FF_ba.v Line: 36
#         Searched libraries:
#             X:/Graduate/ECEN5863/ProgrammableLogic/Homework5/HW5/designer/CDC3FF/simulation/postlayout
# ** Error: (vsim-3033) Instantiation of 'IOPAD_DELAY' failed. The design unit was not found.
#    Time: 0 ns  Iteration: 0  Instance: /CDC3FF/\reset_ibuf/U0/U_IOPAD  File: X:/Graduate/ECEN5863/ProgrammableLogic/Homework5/HW5/designer/CDC3FF/CDC3FF_ba.v Line: 37
#         Searched libraries:
#             X:/Graduate/ECEN5863/ProgrammableLogic/Homework5/HW5/designer/CDC3FF/simulation/postlayout
# ** Error: (vsim-3033) Instantiation of 'IOPAD_VDD' failed. The design unit was not found.
#    Time: 0 ns  Iteration: 0  Instance: /CDC3FF/\reset_ibuf/U0/U_IOPAD  File: X:/Graduate/ECEN5863/ProgrammableLogic/Homework5/HW5/designer/CDC3FF/CDC3FF_ba.v Line: 38
#         Searched libraries:
#             X:/Graduate/ECEN5863/ProgrammableLogic/Homework5/HW5/designer/CDC3FF/simulation/postlayout
# ** Error: (vsim-3033) Instantiation of 'GND' failed. The design unit was not found.
#    Time: 0 ns  Iteration: 0  Instance: /CDC3FF/\reset_ibuf/U0/U_IOPAD  File: X:/Graduate/ECEN5863/ProgrammableLogic/Homework5/HW5/designer/CDC3FF/CDC3FF_ba.v Line: 40
#         Searched libraries:
#             X:/Graduate/ECEN5863/ProgrammableLogic/Homework5/HW5/designer/CDC3FF/simulation/postlayout
# ** Error: (vsim-3033) Instantiation of 'SLE' failed. The design unit was not found.
#    Time: 0 ns  Iteration: 0  Instance: /CDC3FF File: X:/Graduate/ECEN5863/ProgrammableLogic/Homework5/HW5/designer/CDC3FF/CDC3FF_ba.v Line: 108
#         Searched libraries:
#             X:/Graduate/ECEN5863/ProgrammableLogic/Homework5/HW5/designer/CDC3FF/simulation/postlayout
# ** Error: (vsim-3033) Instantiation of 'RGB_NG' failed. The design unit was not found.
#    Time: 0 ns  Iteration: 0  Instance: /CDC3FF File: X:/Graduate/ECEN5863/ProgrammableLogic/Homework5/HW5/designer/CDC3FF/CDC3FF_ba.v Line: 111
#         Searched libraries:
#             X:/Graduate/ECEN5863/ProgrammableLogic/Homework5/HW5/designer/CDC3FF/simulation/postlayout
# ** Error: (vsim-3033) Instantiation of 'IOENFF_BYPASS' failed. The design unit was not found.
#    Time: 0 ns  Iteration: 0  Instance: /CDC3FF File: X:/Graduate/ECEN5863/ProgrammableLogic/Homework5/HW5/designer/CDC3FF/CDC3FF_ba.v Line: 113
#         Searched libraries:
#             X:/Graduate/ECEN5863/ProgrammableLogic/Homework5/HW5/designer/CDC3FF/simulation/postlayout
# ** Error: (vsim-3033) Instantiation of 'FLASH_FREEZE' failed. The design unit was not found.
#    Time: 0 ns  Iteration: 0  Instance: /CDC3FF File: X:/Graduate/ECEN5863/ProgrammableLogic/Homework5/HW5/designer/CDC3FF/CDC3FF_ba.v Line: 115
#         Searched libraries:
#             X:/Graduate/ECEN5863/ProgrammableLogic/Homework5/HW5/designer/CDC3FF/simulation/postlayout
# ** Error: (vsim-3033) Instantiation of 'IOIN_IB' failed. The design unit was not found.
#    Time: 0 ns  Iteration: 0  Instance: /CDC3FF File: X:/Graduate/ECEN5863/ProgrammableLogic/Homework5/HW5/designer/CDC3FF/CDC3FF_ba.v Line: 117
#         Searched libraries:
#             X:/Graduate/ECEN5863/ProgrammableLogic/Homework5/HW5/designer/CDC3FF/simulation/postlayout
# ** Error: (vsim-3033) Instantiation of 'IOPAD_IN_VDDI' failed. The design unit was not found.
#    Time: 0 ns  Iteration: 0  Instance: /CDC3FF/\Aclk_ibuf/U0/U_IOPAD  File: X:/Graduate/ECEN5863/ProgrammableLogic/Homework5/HW5/designer/CDC3FF/CDC3FF_ba.v Line: 36
#         Searched libraries:
#             X:/Graduate/ECEN5863/ProgrammableLogic/Homework5/HW5/designer/CDC3FF/simulation/postlayout
# ** Error: (vsim-3033) Instantiation of 'IOPAD_DELAY' failed. The design unit was not found.
#    Time: 0 ns  Iteration: 0  Instance: /CDC3FF/\Aclk_ibuf/U0/U_IOPAD  File: X:/Graduate/ECEN5863/ProgrammableLogic/Homework5/HW5/designer/CDC3FF/CDC3FF_ba.v Line: 37
#         Searched libraries:
#             X:/Graduate/ECEN5863/ProgrammableLogic/Homework5/HW5/designer/CDC3FF/simulation/postlayout
# ** Error: (vsim-3033) Instantiation of 'IOPAD_VDD' failed. The design unit was not found.
#    Time: 0 ns  Iteration: 0  Instance: /CDC3FF/\Aclk_ibuf/U0/U_IOPAD  File: X:/Graduate/ECEN5863/ProgrammableLogic/Homework5/HW5/designer/CDC3FF/CDC3FF_ba.v Line: 38
#         Searched libraries:
#             X:/Graduate/ECEN5863/ProgrammableLogic/Homework5/HW5/designer/CDC3FF/simulation/postlayout
# ** Error: (vsim-3033) Instantiation of 'GND' failed. The design unit was not found.
#    Time: 0 ns  Iteration: 0  Instance: /CDC3FF/\Aclk_ibuf/U0/U_IOPAD  File: X:/Graduate/ECEN5863/ProgrammableLogic/Homework5/HW5/designer/CDC3FF/CDC3FF_ba.v Line: 40
#         Searched libraries:
#             X:/Graduate/ECEN5863/ProgrammableLogic/Homework5/HW5/designer/CDC3FF/simulation/postlayout
# ** Error: (vsim-3033) Instantiation of 'IOIN_IB' failed. The design unit was not found.
#    Time: 0 ns  Iteration: 0  Instance: /CDC3FF File: X:/Graduate/ECEN5863/ProgrammableLogic/Homework5/HW5/designer/CDC3FF/CDC3FF_ba.v Line: 121
#         Searched libraries:
#             X:/Graduate/ECEN5863/ProgrammableLogic/Homework5/HW5/designer/CDC3FF/simulation/postlayout
# ** Error: (vsim-3033) Instantiation of 'GND' failed. The design unit was not found.
#    Time: 0 ns  Iteration: 0  Instance: /CDC3FF File: X:/Graduate/ECEN5863/ProgrammableLogic/Homework5/HW5/designer/CDC3FF/CDC3FF_ba.v Line: 123
#         Searched libraries:
#             X:/Graduate/ECEN5863/ProgrammableLogic/Homework5/HW5/designer/CDC3FF/simulation/postlayout
# ** Error: (vsim-3033) Instantiation of 'VCC' failed. The design unit was not found.
#    Time: 0 ns  Iteration: 0  Instance: /CDC3FF File: X:/Graduate/ECEN5863/ProgrammableLogic/Homework5/HW5/designer/CDC3FF/CDC3FF_ba.v Line: 124
#         Searched libraries:
#             X:/Graduate/ECEN5863/ProgrammableLogic/Homework5/HW5/designer/CDC3FF/simulation/postlayout
# Error loading design
# Error: Error loading design
#        Pausing macro execution
# MACRO ./run.do PAUSED at line 16
vlog -sv -work postlayout -O0 X:/Graduate/ECEN5863/ProgrammableLogic/Homework5/HW5/designer/CDC3FF/CDC3FF_ba.v
# Model Technology ModelSim Microsemi vlog 2020.3 Compiler 2020.07 Jul 13 2020
# Start time: 18:30:50 on Nov 27,2023
# vlog -reportprogress 300 -sv -work postlayout -O0 X:/Graduate/ECEN5863/ProgrammableLogic/Homework5/HW5/designer/CDC3FF/CDC3FF_ba.v 
# -- Compiling module sdf_IOPAD_TRI
# -- Compiling module sdf_IOPAD_IN
# -- Compiling module CDC3FF
# 
# Top level modules:
# 	CDC3FF
# End time: 18:30:50 on Nov 27,2023, Elapsed time: 0:00:00
# Errors: 0, Warnings: 0
vsim postlayout.CDC3FF
# vsim postlayout.CDC3FF 
# Start time: 18:29:09 on Nov 27,2023
# Loading sv_std.std
# Loading postlayout.CDC3FF
# ** Error: (vsim-3033) Instantiation of 'IOTRI_OB_EB' failed. The design unit was not found.
#    Time: 0 ns  Iteration: 0  Instance: /CDC3FF File: X:/Graduate/ECEN5863/ProgrammableLogic/Homework5/HW5/designer/CDC3FF/CDC3FF_ba.v Line: 72
#         Searched libraries:
#             X:/Graduate/ECEN5863/ProgrammableLogic/Homework5/HW5/designer/CDC3FF/simulation/postlayout
# ** Error: (vsim-3033) Instantiation of 'IOIN_IB' failed. The design unit was not found.
#    Time: 0 ns  Iteration: 0  Instance: /CDC3FF File: X:/Graduate/ECEN5863/ProgrammableLogic/Homework5/HW5/designer/CDC3FF/CDC3FF_ba.v Line: 74
#         Searched libraries:
#             X:/Graduate/ECEN5863/ProgrammableLogic/Homework5/HW5/designer/CDC3FF/simulation/postlayout
# ** Error: (vsim-3033) Instantiation of 'IOINFF_BYPASS' failed. The design unit was not found.
#    Time: 0 ns  Iteration: 0  Instance: /CDC3FF File: X:/Graduate/ECEN5863/ProgrammableLogic/Homework5/HW5/designer/CDC3FF/CDC3FF_ba.v Line: 76
#         Searched libraries:
#             X:/Graduate/ECEN5863/ProgrammableLogic/Homework5/HW5/designer/CDC3FF/simulation/postlayout
# ** Error: (vsim-3033) Instantiation of 'SLE' failed. The design unit was not found.
#    Time: 0 ns  Iteration: 0  Instance: /CDC3FF File: X:/Graduate/ECEN5863/ProgrammableLogic/Homework5/HW5/designer/CDC3FF/CDC3FF_ba.v Line: 78
#         Searched libraries:
#             X:/Graduate/ECEN5863/ProgrammableLogic/Homework5/HW5/designer/CDC3FF/simulation/postlayout
# ** Error: (vsim-3033) Instantiation of 'SLE' failed. The design unit was not found.
#    Time: 0 ns  Iteration: 0  Instance: /CDC3FF File: X:/Graduate/ECEN5863/ProgrammableLogic/Homework5/HW5/designer/CDC3FF/CDC3FF_ba.v Line: 81
#         Searched libraries:
#             X:/Graduate/ECEN5863/ProgrammableLogic/Homework5/HW5/designer/CDC3FF/simulation/postlayout
# Loading postlayout.sdf_IOPAD_TRI
# ** Error: (vsim-3033) Instantiation of 'IOPAD_TRI_VDDI' failed. The design unit was not found.
#    Time: 0 ns  Iteration: 0  Instance: /CDC3FF/\Dout_obuf/U0/U_IOPAD  File: X:/Graduate/ECEN5863/ProgrammableLogic/Homework5/HW5/designer/CDC3FF/CDC3FF_ba.v Line: 17
#         Searched libraries:
#             X:/Graduate/ECEN5863/ProgrammableLogic/Homework5/HW5/designer/CDC3FF/simulation/postlayout
# ** Error: (vsim-3033) Instantiation of 'IOPAD_VDD' failed. The design unit was not found.
#    Time: 0 ns  Iteration: 0  Instance: /CDC3FF/\Dout_obuf/U0/U_IOPAD  File: X:/Graduate/ECEN5863/ProgrammableLogic/Homework5/HW5/designer/CDC3FF/CDC3FF_ba.v Line: 19
#         Searched libraries:
#             X:/Graduate/ECEN5863/ProgrammableLogic/Homework5/HW5/designer/CDC3FF/simulation/postlayout
# ** Error: (vsim-3033) Instantiation of 'GB_NG' failed. The design unit was not found.
#    Time: 0 ns  Iteration: 0  Instance: /CDC3FF File: X:/Graduate/ECEN5863/ProgrammableLogic/Homework5/HW5/designer/CDC3FF/CDC3FF_ba.v Line: 86
#         Searched libraries:
#             X:/Graduate/ECEN5863/ProgrammableLogic/Homework5/HW5/designer/CDC3FF/simulation/postlayout
# ** Error: (vsim-3033) Instantiation of 'INV_BA' failed. The design unit was not found.
#    Time: 0 ns  Iteration: 0  Instance: /CDC3FF File: X:/Graduate/ECEN5863/ProgrammableLogic/Homework5/HW5/designer/CDC3FF/CDC3FF_ba.v Line: 88
#         Searched libraries:
#             X:/Graduate/ECEN5863/ProgrammableLogic/Homework5/HW5/designer/CDC3FF/simulation/postlayout
# ** Error: (vsim-3033) Instantiation of 'IP_INTERFACE' failed. The design unit was not found.
#    Time: 0 ns  Iteration: 0  Instance: /CDC3FF File: X:/Graduate/ECEN5863/ProgrammableLogic/Homework5/HW5/designer/CDC3FF/CDC3FF_ba.v Line: 89
#         Searched libraries:
#             X:/Graduate/ECEN5863/ProgrammableLogic/Homework5/HW5/designer/CDC3FF/simulation/postlayout
# ** Error: (vsim-3033) Instantiation of 'INV_BA' failed. The design unit was not found.
#    Time: 0 ns  Iteration: 0  Instance: /CDC3FF File: X:/Graduate/ECEN5863/ProgrammableLogic/Homework5/HW5/designer/CDC3FF/CDC3FF_ba.v Line: 91
#         Searched libraries:
#             X:/Graduate/ECEN5863/ProgrammableLogic/Homework5/HW5/designer/CDC3FF/simulation/postlayout
# ** Error: (vsim-3033) Instantiation of 'SLE' failed. The design unit was not found.
#    Time: 0 ns  Iteration: 0  Instance: /CDC3FF File: X:/Graduate/ECEN5863/ProgrammableLogic/Homework5/HW5/designer/CDC3FF/CDC3FF_ba.v Line: 92
#         Searched libraries:
#             X:/Graduate/ECEN5863/ProgrammableLogic/Homework5/HW5/designer/CDC3FF/simulation/postlayout
# ** Error: (vsim-3033) Instantiation of 'CFG1' failed. The design unit was not found.
#    Time: 0 ns  Iteration: 0  Instance: /CDC3FF File: X:/Graduate/ECEN5863/ProgrammableLogic/Homework5/HW5/designer/CDC3FF/CDC3FF_ba.v Line: 95
#         Searched libraries:
#             X:/Graduate/ECEN5863/ProgrammableLogic/Homework5/HW5/designer/CDC3FF/simulation/postlayout
# ** Error: (vsim-3033) Instantiation of 'INV_BA' failed. The design unit was not found.
#    Time: 0 ns  Iteration: 0  Instance: /CDC3FF File: X:/Graduate/ECEN5863/ProgrammableLogic/Homework5/HW5/designer/CDC3FF/CDC3FF_ba.v Line: 96
#         Searched libraries:
#             X:/Graduate/ECEN5863/ProgrammableLogic/Homework5/HW5/designer/CDC3FF/simulation/postlayout
# ** Error: (vsim-3033) Instantiation of 'INV_BA' failed. The design unit was not found.
#    Time: 0 ns  Iteration: 0  Instance: /CDC3FF File: X:/Graduate/ECEN5863/ProgrammableLogic/Homework5/HW5/designer/CDC3FF/CDC3FF_ba.v Line: 97
#         Searched libraries:
#             X:/Graduate/ECEN5863/ProgrammableLogic/Homework5/HW5/designer/CDC3FF/simulation/postlayout
# ** Error: (vsim-3033) Instantiation of 'INV_BA' failed. The design unit was not found.
#    Time: 0 ns  Iteration: 0  Instance: /CDC3FF File: X:/Graduate/ECEN5863/ProgrammableLogic/Homework5/HW5/designer/CDC3FF/CDC3FF_ba.v Line: 98
#         Searched libraries:
#             X:/Graduate/ECEN5863/ProgrammableLogic/Homework5/HW5/designer/CDC3FF/simulation/postlayout
# ** Error: (vsim-3033) Instantiation of 'IOINFF_BYPASS' failed. The design unit was not found.
#    Time: 0 ns  Iteration: 0  Instance: /CDC3FF File: X:/Graduate/ECEN5863/ProgrammableLogic/Homework5/HW5/designer/CDC3FF/CDC3FF_ba.v Line: 99
#         Searched libraries:
#             X:/Graduate/ECEN5863/ProgrammableLogic/Homework5/HW5/designer/CDC3FF/simulation/postlayout
# ** Error: (vsim-3033) Instantiation of 'IOOUTFF_BYPASS' failed. The design unit was not found.
#    Time: 0 ns  Iteration: 0  Instance: /CDC3FF File: X:/Graduate/ECEN5863/ProgrammableLogic/Homework5/HW5/designer/CDC3FF/CDC3FF_ba.v Line: 101
#         Searched libraries:
#             X:/Graduate/ECEN5863/ProgrammableLogic/Homework5/HW5/designer/CDC3FF/simulation/postlayout
# Loading postlayout.sdf_IOPAD_IN
# ** Error: (vsim-3033) Instantiation of 'IOPAD_IN_VDDI' failed. The design unit was not found.
#    Time: 0 ns  Iteration: 0  Instance: /CDC3FF/\Bclk_ibuf/U0/U_IOPAD  File: X:/Graduate/ECEN5863/ProgrammableLogic/Homework5/HW5/designer/CDC3FF/CDC3FF_ba.v Line: 36
#         Searched libraries:
#             X:/Graduate/ECEN5863/ProgrammableLogic/Homework5/HW5/designer/CDC3FF/simulation/postlayout
# ** Error: (vsim-3033) Instantiation of 'IOPAD_DELAY' failed. The design unit was not found.
#    Time: 0 ns  Iteration: 0  Instance: /CDC3FF/\Bclk_ibuf/U0/U_IOPAD  File: X:/Graduate/ECEN5863/ProgrammableLogic/Homework5/HW5/designer/CDC3FF/CDC3FF_ba.v Line: 37
#         Searched libraries:
#             X:/Graduate/ECEN5863/ProgrammableLogic/Homework5/HW5/designer/CDC3FF/simulation/postlayout
# ** Error: (vsim-3033) Instantiation of 'IOPAD_VDD' failed. The design unit was not found.
#    Time: 0 ns  Iteration: 0  Instance: /CDC3FF/\Bclk_ibuf/U0/U_IOPAD  File: X:/Graduate/ECEN5863/ProgrammableLogic/Homework5/HW5/designer/CDC3FF/CDC3FF_ba.v Line: 38
#         Searched libraries:
#             X:/Graduate/ECEN5863/ProgrammableLogic/Homework5/HW5/designer/CDC3FF/simulation/postlayout
# ** Error: (vsim-3033) Instantiation of 'GND' failed. The design unit was not found.
#    Time: 0 ns  Iteration: 0  Instance: /CDC3FF/\Bclk_ibuf/U0/U_IOPAD  File: X:/Graduate/ECEN5863/ProgrammableLogic/Homework5/HW5/designer/CDC3FF/CDC3FF_ba.v Line: 40
#         Searched libraries:
#             X:/Graduate/ECEN5863/ProgrammableLogic/Homework5/HW5/designer/CDC3FF/simulation/postlayout
# ** Error: (vsim-3033) Instantiation of 'IOINFF_BYPASS' failed. The design unit was not found.
#    Time: 0 ns  Iteration: 0  Instance: /CDC3FF File: X:/Graduate/ECEN5863/ProgrammableLogic/Homework5/HW5/designer/CDC3FF/CDC3FF_ba.v Line: 104
#         Searched libraries:
#             X:/Graduate/ECEN5863/ProgrammableLogic/Homework5/HW5/designer/CDC3FF/simulation/postlayout
# ** Error: (vsim-3033) Instantiation of 'IOPAD_IN_VDDI' failed. The design unit was not found.
#    Time: 0 ns  Iteration: 0  Instance: /CDC3FF/\reset_ibuf/U0/U_IOPAD  File: X:/Graduate/ECEN5863/ProgrammableLogic/Homework5/HW5/designer/CDC3FF/CDC3FF_ba.v Line: 36
#         Searched libraries:
#             X:/Graduate/ECEN5863/ProgrammableLogic/Homework5/HW5/designer/CDC3FF/simulation/postlayout
# ** Error: (vsim-3033) Instantiation of 'IOPAD_DELAY' failed. The design unit was not found.
#    Time: 0 ns  Iteration: 0  Instance: /CDC3FF/\reset_ibuf/U0/U_IOPAD  File: X:/Graduate/ECEN5863/ProgrammableLogic/Homework5/HW5/designer/CDC3FF/CDC3FF_ba.v Line: 37
#         Searched libraries:
#             X:/Graduate/ECEN5863/ProgrammableLogic/Homework5/HW5/designer/CDC3FF/simulation/postlayout
# ** Error: (vsim-3033) Instantiation of 'IOPAD_VDD' failed. The design unit was not found.
#    Time: 0 ns  Iteration: 0  Instance: /CDC3FF/\reset_ibuf/U0/U_IOPAD  File: X:/Graduate/ECEN5863/ProgrammableLogic/Homework5/HW5/designer/CDC3FF/CDC3FF_ba.v Line: 38
#         Searched libraries:
#             X:/Graduate/ECEN5863/ProgrammableLogic/Homework5/HW5/designer/CDC3FF/simulation/postlayout
# ** Error: (vsim-3033) Instantiation of 'GND' failed. The design unit was not found.
#    Time: 0 ns  Iteration: 0  Instance: /CDC3FF/\reset_ibuf/U0/U_IOPAD  File: X:/Graduate/ECEN5863/ProgrammableLogic/Homework5/HW5/designer/CDC3FF/CDC3FF_ba.v Line: 40
#         Searched libraries:
#             X:/Graduate/ECEN5863/ProgrammableLogic/Homework5/HW5/designer/CDC3FF/simulation/postlayout
# ** Error: (vsim-3033) Instantiation of 'SLE' failed. The design unit was not found.
#    Time: 0 ns  Iteration: 0  Instance: /CDC3FF File: X:/Graduate/ECEN5863/ProgrammableLogic/Homework5/HW5/designer/CDC3FF/CDC3FF_ba.v Line: 108
#         Searched libraries:
#             X:/Graduate/ECEN5863/ProgrammableLogic/Homework5/HW5/designer/CDC3FF/simulation/postlayout
# ** Error: (vsim-3033) Instantiation of 'RGB_NG' failed. The design unit was not found.
#    Time: 0 ns  Iteration: 0  Instance: /CDC3FF File: X:/Graduate/ECEN5863/ProgrammableLogic/Homework5/HW5/designer/CDC3FF/CDC3FF_ba.v Line: 111
#         Searched libraries:
#             X:/Graduate/ECEN5863/ProgrammableLogic/Homework5/HW5/designer/CDC3FF/simulation/postlayout
# ** Error: (vsim-3033) Instantiation of 'IOENFF_BYPASS' failed. The design unit was not found.
#    Time: 0 ns  Iteration: 0  Instance: /CDC3FF File: X:/Graduate/ECEN5863/ProgrammableLogic/Homework5/HW5/designer/CDC3FF/CDC3FF_ba.v Line: 113
#         Searched libraries:
#             X:/Graduate/ECEN5863/ProgrammableLogic/Homework5/HW5/designer/CDC3FF/simulation/postlayout
# ** Error: (vsim-3033) Instantiation of 'FLASH_FREEZE' failed. The design unit was not found.
#    Time: 0 ns  Iteration: 0  Instance: /CDC3FF File: X:/Graduate/ECEN5863/ProgrammableLogic/Homework5/HW5/designer/CDC3FF/CDC3FF_ba.v Line: 115
#         Searched libraries:
#             X:/Graduate/ECEN5863/ProgrammableLogic/Homework5/HW5/designer/CDC3FF/simulation/postlayout
# ** Error: (vsim-3033) Instantiation of 'IOIN_IB' failed. The design unit was not found.
#    Time: 0 ns  Iteration: 0  Instance: /CDC3FF File: X:/Graduate/ECEN5863/ProgrammableLogic/Homework5/HW5/designer/CDC3FF/CDC3FF_ba.v Line: 117
#         Searched libraries:
#             X:/Graduate/ECEN5863/ProgrammableLogic/Homework5/HW5/designer/CDC3FF/simulation/postlayout
# ** Error: (vsim-3033) Instantiation of 'IOPAD_IN_VDDI' failed. The design unit was not found.
#    Time: 0 ns  Iteration: 0  Instance: /CDC3FF/\Aclk_ibuf/U0/U_IOPAD  File: X:/Graduate/ECEN5863/ProgrammableLogic/Homework5/HW5/designer/CDC3FF/CDC3FF_ba.v Line: 36
#         Searched libraries:
#             X:/Graduate/ECEN5863/ProgrammableLogic/Homework5/HW5/designer/CDC3FF/simulation/postlayout
# ** Error: (vsim-3033) Instantiation of 'IOPAD_DELAY' failed. The design unit was not found.
#    Time: 0 ns  Iteration: 0  Instance: /CDC3FF/\Aclk_ibuf/U0/U_IOPAD  File: X:/Graduate/ECEN5863/ProgrammableLogic/Homework5/HW5/designer/CDC3FF/CDC3FF_ba.v Line: 37
#         Searched libraries:
#             X:/Graduate/ECEN5863/ProgrammableLogic/Homework5/HW5/designer/CDC3FF/simulation/postlayout
# ** Error: (vsim-3033) Instantiation of 'IOPAD_VDD' failed. The design unit was not found.
#    Time: 0 ns  Iteration: 0  Instance: /CDC3FF/\Aclk_ibuf/U0/U_IOPAD  File: X:/Graduate/ECEN5863/ProgrammableLogic/Homework5/HW5/designer/CDC3FF/CDC3FF_ba.v Line: 38
#         Searched libraries:
#             X:/Graduate/ECEN5863/ProgrammableLogic/Homework5/HW5/designer/CDC3FF/simulation/postlayout
# ** Error: (vsim-3033) Instantiation of 'GND' failed. The design unit was not found.
#    Time: 0 ns  Iteration: 0  Instance: /CDC3FF/\Aclk_ibuf/U0/U_IOPAD  File: X:/Graduate/ECEN5863/ProgrammableLogic/Homework5/HW5/designer/CDC3FF/CDC3FF_ba.v Line: 40
#         Searched libraries:
#             X:/Graduate/ECEN5863/ProgrammableLogic/Homework5/HW5/designer/CDC3FF/simulation/postlayout
# ** Error: (vsim-3033) Instantiation of 'IOIN_IB' failed. The design unit was not found.
#    Time: 0 ns  Iteration: 0  Instance: /CDC3FF File: X:/Graduate/ECEN5863/ProgrammableLogic/Homework5/HW5/designer/CDC3FF/CDC3FF_ba.v Line: 121
#         Searched libraries:
#             X:/Graduate/ECEN5863/ProgrammableLogic/Homework5/HW5/designer/CDC3FF/simulation/postlayout
# ** Error: (vsim-3033) Instantiation of 'GND' failed. The design unit was not found.
#    Time: 0 ns  Iteration: 0  Instance: /CDC3FF File: X:/Graduate/ECEN5863/ProgrammableLogic/Homework5/HW5/designer/CDC3FF/CDC3FF_ba.v Line: 123
#         Searched libraries:
#             X:/Graduate/ECEN5863/ProgrammableLogic/Homework5/HW5/designer/CDC3FF/simulation/postlayout
# ** Error: (vsim-3033) Instantiation of 'VCC' failed. The design unit was not found.
#    Time: 0 ns  Iteration: 0  Instance: /CDC3FF File: X:/Graduate/ECEN5863/ProgrammableLogic/Homework5/HW5/designer/CDC3FF/CDC3FF_ba.v Line: 124
#         Searched libraries:
#             X:/Graduate/ECEN5863/ProgrammableLogic/Homework5/HW5/designer/CDC3FF/simulation/postlayout
# Error loading design
# Error: Error loading design
#        Pausing macro execution
# MACRO ./run.do PAUSED at line 16
# End time: 18:34:05 on Nov 27,2023, Elapsed time: 0:04:56
# Errors: 122, Warnings: 0
