
Copyright (C) 1994-2020 Synopsys, Inc.
This Synopsys software and all associated documentation are proprietary to Synopsys, Inc.
and may only be used pursuant to the terms and conditions of a written license agreement
with Synopsys, Inc. All other use, reproduction, modification, or distribution of the
Synopsys software or the associated documentation is strictly prohibited.
Tool: Synplify Pro (R)
Build: Q-2020.03M-SP1
Install: D:\Microsemi\Libero_SoC_v12.6\SynplifyPro
OS: Windows 6.2

Hostname: STARGATE-COMMAN

Implementation : synthesis

# Written on Mon Nov 27 19:37:21 2023

##### DESIGN INFO #######################################################

Top View:                "SlowFast"
Constraint File(s):      "X:\Graduate\ECEN5863\ProgrammableLogic\Homework5\HW5_2a\SlowFast\designer\SlowFast\synthesis.fdc"




##### SUMMARY ############################################################

Found 0 issues in 0 out of 0 constraints


##### DETAILS ############################################################



Clock Relationships
*******************

Starting          Ending            |     rise to rise     |     fall to fall     |     rise to fall     |     fall to rise                     
-----------------------------------------------------------------------------------------------------------------------------------------------
SlowFast|Aclk     SlowFast|Aclk     |     10.000           |     No paths         |     No paths         |     No paths                         
SlowFast|Aclk     SlowFast|Bclk     |     Diff grp         |     No paths         |     No paths         |     No paths                         
===============================================================================================================================================
 Note: 'No paths' indicates there are no paths in the design for that pair of clock edges.
       'Diff grp' indicates that paths exist but the starting clock and ending clock are in different clock groups.


Unconstrained Start/End Points
******************************

p:Dout[0]
p:Dout[1]
p:Dout[2]
p:Dout[3]
p:reset


Inapplicable constraints
************************

(none)


Applicable constraints with issues
**********************************

(none)


Constraints with matching wildcard expressions
**********************************************

(none)


Library Report
**************


# End of Constraint Checker Report
