One matching license found for this product: synplifypro_actel

Starting:    D:\Microsemi\Libero_SoC_v12.6\SynplifyPro\bin64\mbin\synbatch.exe
Install:     D:\Microsemi\Libero_SoC_v12.6\SynplifyPro
Hostname:    STARGATE-COMMAN
Date:        Mon Nov 27 19:37:17 2023
Version:     Q-2020.03M-SP1

Arguments:   -product synplify_pro -batch -log synplify.log SlowFast_syn.tcl
ProductType: synplify_pro

License checkout: synplifypro_actel
License: synplifypro_actel node-locked 
Licensed Vendor: actel
License Option: actel_oem

Running in Vendor Mode

auto_infer_blackbox is not supported in current product.
log file: "X:\Graduate\ECEN5863\ProgrammableLogic\Homework5\HW5_2a\SlowFast\synthesis\SlowFast.srr"
Running: synthesis in foreground

Running SlowFast_syn|synthesis

Running Flow: compile (Compile) on SlowFast_syn|synthesis
# Mon Nov 27 19:37:17 2023

Running Flow: compile_flow (Compile Process) on SlowFast_syn|synthesis
# Mon Nov 27 19:37:17 2023

Running: compiler (Compile Input) on SlowFast_syn|synthesis
# Mon Nov 27 19:37:17 2023
Copied X:\Graduate\ECEN5863\ProgrammableLogic\Homework5\HW5_2a\SlowFast\synthesis\synwork\SlowFast_comp.srs to X:\Graduate\ECEN5863\ProgrammableLogic\Homework5\HW5_2a\SlowFast\synthesis\SlowFast.srs

compiler completed
# Mon Nov 27 19:37:19 2023

Return Code: 0
Run Time:00h:00m:02s

Running: multi_srs_gen (Multi-srs Generator) on SlowFast_syn|synthesis
# Mon Nov 27 19:37:19 2023

multi_srs_gen completed
# Mon Nov 27 19:37:20 2023

Return Code: 0
Run Time:00h:00m:01s
Copied X:\Graduate\ECEN5863\ProgrammableLogic\Homework5\HW5_2a\SlowFast\synthesis\synwork\SlowFast_mult.srs to X:\Graduate\ECEN5863\ProgrammableLogic\Homework5\HW5_2a\SlowFast\synthesis\SlowFast.srs
Complete: Compile Process on SlowFast_syn|synthesis

Running: premap (Premap) on SlowFast_syn|synthesis
# Mon Nov 27 19:37:20 2023

premap completed with warnings
# Mon Nov 27 19:37:22 2023

Return Code: 1
Run Time:00h:00m:02s
Complete: Compile on SlowFast_syn|synthesis

Running Flow: map (Map) on SlowFast_syn|synthesis
# Mon Nov 27 19:37:22 2023
License granted for 4 parallel jobs

Running: fpga_mapper (Map & Optimize) on SlowFast_syn|synthesis
# Mon Nov 27 19:37:22 2023
Copied X:\Graduate\ECEN5863\ProgrammableLogic\Homework5\HW5_2a\SlowFast\synthesis\synwork\SlowFast_m.srm to X:\Graduate\ECEN5863\ProgrammableLogic\Homework5\HW5_2a\SlowFast\synthesis\SlowFast.srm

fpga_mapper completed with warnings
# Mon Nov 27 19:37:25 2023

Return Code: 1
Run Time:00h:00m:03s
Complete: Map on SlowFast_syn|synthesis
Complete: Logic Synthesis on SlowFast_syn|synthesis
TCL script complete: "SlowFast_syn.tcl"
exit status=0
exit status=0
License checkin: synplifypro_actel
