
Copyright (C) 1994-2020 Synopsys, Inc.
This Synopsys software and all associated documentation are proprietary to Synopsys, Inc.
and may only be used pursuant to the terms and conditions of a written license agreement
with Synopsys, Inc. All other use, reproduction, modification, or distribution of the
Synopsys software or the associated documentation is strictly prohibited.
Tool: Synplify Pro (R)
Build: Q-2020.03M-SP1
Install: D:\Microsemi\Libero_SoC_v12.6\SynplifyPro
OS: Windows 6.2

Hostname: STARGATE-COMMAN

Implementation : synthesis

# Written on Sun Dec 10 13:15:31 2023

##### FILES SYNTAX CHECKED ##############################################
Constraint File(s):      "X:\Graduate\ECEN5863\ProgrammableLogic\Homework6\Question1\B\HandshakeSynchronizer\designer\HandshakeSynchronizer\synthesis.fdc"

#Run constraint checker to find more issues with constraints.
#########################################################################



No issues found in constraint syntax.



Clock Summary
*************

          Start     Requested     Requested     Clock        Clock                Clock
Level     Clock     Frequency     Period        Type         Group                Load 
---------------------------------------------------------------------------------------
0 -       clkB      20.0 MHz      50.000        declared     default_clkgroup     23   
                                                                                       
0 -       clkA      37.5 MHz      26.667        declared     default_clkgroup     22   
=======================================================================================


Clock Load Summary
******************

          Clock     Source         Clock Pin       Non-clock Pin     Non-clock Pin
Clock     Load      Pin            Seq Example     Seq Example       Comb Example 
----------------------------------------------------------------------------------
clkB      23        clkB(port)     req_sync.C      -                 -            
                                                                                  
clkA      22        clkA(port)     ack_sync.C      -                 -            
==================================================================================
