
Copyright (C) 1994-2020 Synopsys, Inc.
This Synopsys software and all associated documentation are proprietary to Synopsys, Inc.
and may only be used pursuant to the terms and conditions of a written license agreement
with Synopsys, Inc. All other use, reproduction, modification, or distribution of the
Synopsys software or the associated documentation is strictly prohibited.
Tool: Synplify Pro (R)
Build: Q-2020.03M-SP1
Install: D:\Microsemi\Libero_SoC_v12.6\SynplifyPro
OS: Windows 6.2

Hostname: STARGATE-COMMAN

Implementation : synthesis
Synopsys HDL compiler and linker, Version comp202003synp2, Build 170R, Built Oct 21 2020 10:52:30, @

Modified Files: 8
FID:  path (prevtimestamp, timestamp)
0        D:\Microsemi\Libero_SoC_v12.6\SynplifyPro\lib\generic\smartfusion2.v (N/A, 2020-11-03 00:58:10)
1        D:\Microsemi\Libero_SoC_v12.6\SynplifyPro\lib\vlog\hypermods.v (N/A, 2020-11-03 00:58:13)
2        D:\Microsemi\Libero_SoC_v12.6\SynplifyPro\lib\vlog\scemi_objects.v (N/A, 2020-11-03 00:58:13)
3        D:\Microsemi\Libero_SoC_v12.6\SynplifyPro\lib\vlog\scemi_pipes.svh (N/A, 2020-11-03 00:58:13)
4        D:\Microsemi\Libero_SoC_v12.6\SynplifyPro\lib\vlog\umr_capim.v (N/A, 2020-11-03 00:58:13)
5        X:\Graduate\ECEN5863\ProgrammableLogic\Homework2Practical\SF2Project\SF2project\component\work\SF2project\SF2project.v (N/A, 2023-10-14 18:34:45)
6        X:\Graduate\ECEN5863\ProgrammableLogic\Homework2Practical\SF2Project\SF2project\component\work\SF2project_MSS\SF2project_MSS.v (N/A, 2023-10-12 13:46:52)
7        X:\Graduate\ECEN5863\ProgrammableLogic\Homework2Practical\SF2Project\SF2project\component\work\SF2project_MSS\SF2project_MSS_syn.v (N/A, 2023-10-12 13:46:51)

*******************************************************************
Modules that may have changed as a result of file changes: 3
MID:  lib.cell.view
0        work.MSS_010.verilog may have changed because the following files changed:
                        X:\Graduate\ECEN5863\ProgrammableLogic\Homework2Practical\SF2Project\SF2project\component\work\SF2project\SF2project.v (N/A, 2023-10-14 18:34:45) <-- (may instantiate this module)
                        X:\Graduate\ECEN5863\ProgrammableLogic\Homework2Practical\SF2Project\SF2project\component\work\SF2project_MSS\SF2project_MSS.v (N/A, 2023-10-12 13:46:52) <-- (may instantiate this module)
                        X:\Graduate\ECEN5863\ProgrammableLogic\Homework2Practical\SF2Project\SF2project\component\work\SF2project_MSS\SF2project_MSS_syn.v (N/A, 2023-10-12 13:46:51) <-- (module definition)
1        work.SF2project.verilog may have changed because the following files changed:
                        X:\Graduate\ECEN5863\ProgrammableLogic\Homework2Practical\SF2Project\SF2project\component\work\SF2project\SF2project.v (N/A, 2023-10-14 18:34:45) <-- (module definition)
2        work.SF2project_MSS.verilog may have changed because the following files changed:
                        X:\Graduate\ECEN5863\ProgrammableLogic\Homework2Practical\SF2Project\SF2project\component\work\SF2project\SF2project.v (N/A, 2023-10-14 18:34:45) <-- (may instantiate this module)
                        X:\Graduate\ECEN5863\ProgrammableLogic\Homework2Practical\SF2Project\SF2project\component\work\SF2project_MSS\SF2project_MSS.v (N/A, 2023-10-12 13:46:52) <-- (module definition)

*******************************************************************
Unmodified files: 0
FID:  path (timestamp)

*******************************************************************
Unchanged modules: 0
MID:  lib.cell.view
