Flow report for RAMVerilogProject
Thu Sep 21 14:13:37 2023
Quartus Prime Version 18.1.0 Build 625 09/12/2018 SJ Lite Edition


---------------------
; Table of Contents ;
---------------------
  1. Legal Notice
  2. Flow Summary
  3. Flow Settings
  4. Flow Non-Default Global Settings
  5. Flow Elapsed Time
  6. Flow OS Summary
  7. Flow Log
  8. Flow Messages
  9. Flow Suppressed Messages



----------------
; Legal Notice ;
----------------
Copyright (C) 2018  Intel Corporation. All rights reserved.
Your use of Intel Corporation's design tools, logic functions 
and other software and tools, and its AMPP partner logic 
functions, and any output files from any of the foregoing 
(including device programming or simulation files), and any 
associated documentation or information are expressly subject 
to the terms and conditions of the Intel Program License 
Subscription Agreement, the Intel Quartus Prime License Agreement,
the Intel FPGA IP License Agreement, or other applicable license
agreement, including, without limitation, that your use is for
the sole purpose of programming logic devices manufactured by
Intel and sold by Intel or its authorized distributors.  Please
refer to the applicable agreement for further details.



+----------------------------------------------------------------------------------+
; Flow Summary                                                                     ;
+------------------------------------+---------------------------------------------+
; Flow Status                        ; Successful - Thu Sep 21 14:13:37 2023       ;
; Quartus Prime Version              ; 18.1.0 Build 625 09/12/2018 SJ Lite Edition ;
; Revision Name                      ; RAMVerilogProject                           ;
; Top-level Entity Name              ; HW2VerilogRAM                               ;
; Family                             ; Cyclone IV E                                ;
; Device                             ; EP4CE6E22A7                                 ;
; Timing Models                      ; Final                                       ;
; Total logic elements               ; 0 / 6,272 ( 0 % )                           ;
;     Total combinational functions  ; 0 / 6,272 ( 0 % )                           ;
;     Dedicated logic registers      ; 0 / 6,272 ( 0 % )                           ;
; Total registers                    ; 0                                           ;
; Total pins                         ; 73 / 92 ( 79 % )                            ;
; Total virtual pins                 ; 0                                           ;
; Total memory bits                  ; 4,096 / 276,480 ( 1 % )                     ;
; Embedded Multiplier 9-bit elements ; 0 / 30 ( 0 % )                              ;
; Total PLLs                         ; 0 / 2 ( 0 % )                               ;
+------------------------------------+---------------------------------------------+


+-----------------------------------------+
; Flow Settings                           ;
+-------------------+---------------------+
; Option            ; Setting             ;
+-------------------+---------------------+
; Start date & time ; 09/21/2023 14:13:20 ;
; Main task         ; Compilation         ;
; Revision Name     ; RAMVerilogProject   ;
+-------------------+---------------------+


+-----------------------------------------------------------------------------------------------------------------------------------+
; Flow Non-Default Global Settings                                                                                                  ;
+-------------------------------------+----------------------------------------+-------------------+---------------+----------------+
; Assignment Name                     ; Value                                  ; Default Value     ; Entity Name   ; Section Id     ;
+-------------------------------------+----------------------------------------+-------------------+---------------+----------------+
; COMPILER_SIGNATURE_ID               ; 198112243637453.169532720006444        ; --                ; --            ; --             ;
; EDA_OUTPUT_DATA_FORMAT              ; Verilog Hdl                            ; --                ; --            ; eda_simulation ;
; EDA_SIMULATION_TOOL                 ; ModelSim-Altera (Verilog)              ; <None>            ; --            ; --             ;
; EDA_TIME_SCALE                      ; 1 ps                                   ; --                ; --            ; eda_simulation ;
; MAX_CORE_JUNCTION_TEMP              ; 125                                    ; --                ; --            ; --             ;
; MIN_CORE_JUNCTION_TEMP              ; -40                                    ; --                ; --            ; --             ;
; MISC_FILE                           ; HW2VerilogRAM_bb.v                     ; --                ; --            ; --             ;
; MISC_FILE                           ; HW2VerilogRAM_syn.v                    ; --                ; --            ; --             ;
; NOMINAL_CORE_SUPPLY_VOLTAGE         ; 1.2V                                   ; --                ; --            ; --             ;
; PARTITION_COLOR                     ; -- (Not supported for targeted family) ; --                ; HW2VerilogRAM ; Top            ;
; PARTITION_FITTER_PRESERVATION_LEVEL ; -- (Not supported for targeted family) ; --                ; HW2VerilogRAM ; Top            ;
; PARTITION_NETLIST_TYPE              ; -- (Not supported for targeted family) ; --                ; HW2VerilogRAM ; Top            ;
; PROJECT_OUTPUT_DIRECTORY            ; output_files                           ; --                ; --            ; --             ;
; TOP_LEVEL_ENTITY                    ; HW2VerilogRAM                          ; RAMVerilogProject ; --            ; --             ;
+-------------------------------------+----------------------------------------+-------------------+---------------+----------------+


+--------------------------------------------------------------------------------------------------------------------------+
; Flow Elapsed Time                                                                                                        ;
+----------------------+--------------+-------------------------+---------------------+------------------------------------+
; Module Name          ; Elapsed Time ; Average Processors Used ; Peak Virtual Memory ; Total CPU Time (on all processors) ;
+----------------------+--------------+-------------------------+---------------------+------------------------------------+
; Analysis & Synthesis ; 00:00:08     ; 1.0                     ; 4730 MB             ; 00:00:07                           ;
; Fitter               ; 00:00:03     ; 1.0                     ; 6075 MB             ; 00:00:03                           ;
; Assembler            ; 00:00:01     ; 1.0                     ; 4671 MB             ; 00:00:01                           ;
; Timing Analyzer      ; 00:00:02     ; 1.0                     ; 4842 MB             ; 00:00:01                           ;
; EDA Netlist Writer   ; 00:00:00     ; 1.0                     ; 4637 MB             ; 00:00:01                           ;
; Total                ; 00:00:14     ; --                      ; --                  ; 00:00:13                           ;
+----------------------+--------------+-------------------------+---------------------+------------------------------------+


+------------------------------------------------------------------------------------+
; Flow OS Summary                                                                    ;
+----------------------+------------------+------------+------------+----------------+
; Module Name          ; Machine Hostname ; OS Name    ; OS Version ; Processor type ;
+----------------------+------------------+------------+------------+----------------+
; Analysis & Synthesis ; Stargate-Command ; Windows 10 ; 10.0       ; x86_64         ;
; Fitter               ; Stargate-Command ; Windows 10 ; 10.0       ; x86_64         ;
; Assembler            ; Stargate-Command ; Windows 10 ; 10.0       ; x86_64         ;
; Timing Analyzer      ; Stargate-Command ; Windows 10 ; 10.0       ; x86_64         ;
; EDA Netlist Writer   ; Stargate-Command ; Windows 10 ; 10.0       ; x86_64         ;
+----------------------+------------------+------------+------------+----------------+


------------
; Flow Log ;
------------
quartus_map --read_settings_files=on --write_settings_files=off RAMVerilogProject -c RAMVerilogProject
quartus_fit --read_settings_files=off --write_settings_files=off RAMVerilogProject -c RAMVerilogProject
quartus_asm --read_settings_files=off --write_settings_files=off RAMVerilogProject -c RAMVerilogProject
quartus_sta RAMVerilogProject -c RAMVerilogProject
quartus_eda --read_settings_files=off --write_settings_files=off RAMVerilogProject -c RAMVerilogProject



