----------------------------------------------------------------
-Pin Report - Date: Sun Dec 10 17:24:09 2023 Pinchecksum: NOT-AVAILABLE
-Product: Designer
-Release: v12.6
-Version: 12.900.20.24
-Design Name: fifo2x8
-Family: SmartFusion2
-Die: M2S010
-Package: 144 TQ
-----------------------------------------------------------------

Port        |Pin |Fixed |Function                 |Bank     |I/O Std   |Direction                      |I/O state in Flash*Freeze mode |Resistor Pull                      |I/O available in Flash*Freeze mode |Schmitt Trigger |Odt_Static    |Odt Imp (Ohm)  |Low Power Exit |Input Delay |Slew         |Pre-Emphasis      |Output Drive (mA) |Output Load (pF) |
------------|----|------|-------------------------|---------|----------|-------------------------------|-------------------------------|-----------------------------------|-----------------------------------|----------------|--------------|---------------|---------------|------------|-------------|------------------|------------------|-----------------|
clk1         49   No     MSIO104PB4/GB3            Bank4     LVCMOS25   Input                           TRISTATE                        None                                No                                  Off              ---            ---             Off             Off          ---           ---                ---                ---               
clk2         20   No     MSIO79PB7/GB1             Bank7     LVCMOS25   Input                           TRISTATE                        None                                No                                  Off              ---            ---             Off             Off          ---           ---                ---                ---               
data_in[0]   144  No     DDRIO63PB0                Bank0     LVCMOS25   Input                           TRISTATE                        None                                No                                  Off              ---            ---             Off             Off          ---           ---                ---                ---               
data_in[1]   123  No     DDRIO43PB0                Bank0     LVCMOS25   Input                           TRISTATE                        None                                No                                  Off              ---            ---             Off             Off          ---           ---                ---                ---               
data_in[2]   7    No     MSIO71NB7                 Bank7     LVCMOS25   Input                           TRISTATE                        None                                No                                  Off              ---            ---             Off             Off          ---           ---                ---                ---               
data_in[3]   137  No     DDRIO55PB0/CCC_NE0_CLKI3  Bank0     LVCMOS25   Input                           TRISTATE                        None                                No                                  Off              ---            ---             Off             Off          ---           ---                ---                ---               
data_in[4]   142  No     DDRIO60NB0/CCC_NE1_CLKI3  Bank0     LVCMOS25   Input                           TRISTATE                        None                                No                                  Off              ---            ---             Off             Off          ---           ---                ---                ---               
data_in[5]   122  No     DDRIO43NB0                Bank0     LVCMOS25   Input                           TRISTATE                        None                                No                                  Off              ---            ---             Off             Off          ---           ---                ---                ---               
data_in[6]   4    No     MSIO67PB7                 Bank7     LVCMOS25   Input                           TRISTATE                        None                                No                                  Off              ---            ---             Off             Off          ---           ---                ---                ---               
data_in[7]   141  No     DDRIO59NB0/GB4            Bank0     LVCMOS25   Input                           TRISTATE                        None                                No                                  Off              ---            ---             Off             Off          ---           ---                ---                ---               
data_out[0]  124  No     DDRIO44NB0                Bank0     LVCMOS25   Output                          TRISTATE                        None                                No                                  ---              ---            ---             ---             ---          SLOW          ---                4                  5                 
data_out[1]  129  No     DDRIO47PB0                Bank0     LVCMOS25   Output                          TRISTATE                        None                                No                                  ---              ---            ---             ---             ---          SLOW          ---                4                  5                 
data_out[2]  135  No     DDRIO53PB0                Bank0     LVCMOS25   Output                          TRISTATE                        None                                No                                  ---              ---            ---             ---             ---          SLOW          ---                4                  5                 
data_out[3]  118  No     DDRIO37PB0                Bank0     LVCMOS25   Output                          TRISTATE                        None                                No                                  ---              ---            ---             ---             ---          SLOW          ---                4                  5                 
data_out[4]  134  No     DDRIO53NB0                Bank0     LVCMOS25   Output                          TRISTATE                        None                                No                                  ---              ---            ---             ---             ---          SLOW          ---                4                  5                 
data_out[5]  125  No     DDRIO44PB0                Bank0     LVCMOS25   Output                          TRISTATE                        None                                No                                  ---              ---            ---             ---             ---          SLOW          ---                4                  5                 
data_out[6]  131  No     DDRIO48PB0                Bank0     LVCMOS25   Output                          TRISTATE                        None                                No                                  ---              ---            ---             ---             ---          SLOW          ---                4                  5                 
data_out[7]  117  No     DDRIO37NB0                Bank0     LVCMOS25   Output                          TRISTATE                        None                                No                                  ---              ---            ---             ---             ---          SLOW          ---                4                  5                 
empty        136  No     DDRIO55NB0                Bank0     LVCMOS25   Output                          TRISTATE                        None                                No                                  ---              ---            ---             ---             ---          SLOW          ---                4                  5                 
full         1    No     MSIO64NB7                 Bank7     LVCMOS25   Output                          TRISTATE                        None                                No                                  ---              ---            ---             ---             ---          SLOW          ---                4                  5                 
rd           130  No     DDRIO48NB0                Bank0     LVCMOS25   Input                           TRISTATE                        None                                No                                  Off              ---            ---             Off             Off          ---           ---                ---                ---               
rdinc        10   No     MSIO73NB7                 Bank7     LVCMOS25   Input                           TRISTATE                        None                                No                                  Off              ---            ---             Off             Off          ---           ---                ---                ---               
rdptrclr     2    No     MSIO64PB7                 Bank7     LVCMOS25   Input                           TRISTATE                        None                                No                                  Off              ---            ---             Off             Off          ---           ---                ---                ---               
rst          143  No     DDRIO59PB0/GB0            Bank0     LVCMOS25   Input                           TRISTATE                        None                                No                                  Off              ---            ---             Off             Off          ---           ---                ---                ---               
wr           3    No     MSIO67NB7                 Bank7     LVCMOS25   Input                           TRISTATE                        None                                No                                  Off              ---            ---             Off             Off          ---           ---                ---                ---               
wrinc        128  No     DDRIO47NB0                Bank0     LVCMOS25   Input                           TRISTATE                        None                                No                                  Off              ---            ---             Off             Off          ---           ---                ---                ---               
wrptrclr     9    No     MSIO72NB7                 Bank7     LVCMOS25   Input                           TRISTATE                        None                                No                                  Off              ---            ---             Off             Off          ---           ---                ---                ---               
