# Reading pref.tcl
# do run.do
# Model Technology ModelSim Microsemi vmap 2020.3 Lib Mapping Utility 2020.07 Jul 13 2020
# vmap postsynth postsynth 
# Modifying modelsim.ini
# Model Technology ModelSim Microsemi vmap 2020.3 Lib Mapping Utility 2020.07 Jul 13 2020
# vmap SmartFusion2 D:/Microsemi/Libero_SoC_v12.6/Designer/lib/modelsimpro/precompiled/vlog/SmartFusion2 
# Modifying modelsim.ini
# Model Technology ModelSim Microsemi vlog 2020.3 Compiler 2020.07 Jul 13 2020
# Start time: 13:07:00 on Dec 10,2023
# vlog -reportprogress 300 -sv -work postsynth X:/Graduate/ECEN5863/ProgrammableLogic/Homework6/Question1/A/HandshakeSynchronizer/synthesis/HandshakeSynchronizer.v 
# -- Compiling module sourceFSM
# -- Compiling module sinkFSM
# -- Compiling module HandshakeSynchronizer
# 
# Top level modules:
# 	HandshakeSynchronizer
# End time: 13:07:01 on Dec 10,2023, Elapsed time: 0:00:01
# Errors: 0, Warnings: 0
# Model Technology ModelSim Microsemi vlog 2020.3 Compiler 2020.07 Jul 13 2020
# Start time: 13:07:01 on Dec 10,2023
# vlog -reportprogress 300 "+incdir+X:/Graduate/ECEN5863/ProgrammableLogic/Homework6/Question1/A/HandshakeSynchronizer/stimulus" -sv -work postsynth X:/Graduate/ECEN5863/ProgrammableLogic/Homework6/Question1/A/HandshakeSynchronizer/stimulus/HandshakeSynchronizer_tb.v 
# -- Compiling module HandshakeSynchronizer_tb
# 
# Top level modules:
# 	HandshakeSynchronizer_tb
# End time: 13:07:01 on Dec 10,2023, Elapsed time: 0:00:00
# Errors: 0, Warnings: 0
# vsim -L SmartFusion2 -L postsynth -t 1fs postsynth.HandshakeSynchronizer_tb 
# Start time: 13:07:01 on Dec 10,2023
# //  ModelSim Microsemi 2020.3 Jul 13 2020
# //
# //  Copyright 1991-2020 Mentor Graphics Corporation
# //  All Rights Reserved.
# //
# //  ModelSim Microsemi and its associated documentation contain trade
# //  secrets and commercial or financial information that are the property of
# //  Mentor Graphics Corporation and are privileged, confidential,
# //  and exempt from disclosure under the Freedom of Information Act,
# //  5 U.S.C. Section 552. Furthermore, this information
# //  is prohibited from disclosure under the Trade Secrets Act,
# //  18 U.S.C. Section 1905.
# //
# ** Error: License checkout has been disallowed because
# only one session is allowed to run on an uncounted nodelocked
# license and an instance of ModelSim is already running with a
# nodelocked license on this machine.
# Error loading design
# Error: Error loading design
#        Pausing macro execution
# MACRO ./run.do PAUSED at line 16
# End time: 13:07:07 on Dec 10,2023, Elapsed time: 0:00:06
# Errors: 1, Warnings: 0
