Assembler report for my_first_fpga
Wed Nov 15 11:05:55 2023
Quartus Prime Version 18.1.0 Build 625 09/12/2018 SJ Lite Edition


---------------------
; Table of Contents ;
---------------------
  1. Legal Notice
  2. Assembler Summary
  3. Assembler Settings
  4. Assembler Generated Files
  5. Assembler Device Options: X:/Graduate/ECEN5863/ProgrammableLogic/Homework3Practical/DE1-SoC_v.5.1.2_HWrevF_SystemCD/Demonstrations/FPGA/my_first_fpga/my_first_fpga.sof
  6. Assembler Messages



----------------
; Legal Notice ;
----------------
Copyright (C) 2018  Intel Corporation. All rights reserved.
Your use of Intel Corporation's design tools, logic functions 
and other software and tools, and its AMPP partner logic 
functions, and any output files from any of the foregoing 
(including device programming or simulation files), and any 
associated documentation or information are expressly subject 
to the terms and conditions of the Intel Program License 
Subscription Agreement, the Intel Quartus Prime License Agreement,
the Intel FPGA IP License Agreement, or other applicable license
agreement, including, without limitation, that your use is for
the sole purpose of programming logic devices manufactured by
Intel and sold by Intel or its authorized distributors.  Please
refer to the applicable agreement for further details.



+---------------------------------------------------------------+
; Assembler Summary                                             ;
+-----------------------+---------------------------------------+
; Assembler Status      ; Successful - Wed Nov 15 11:05:55 2023 ;
; Revision Name         ; my_first_fpga                         ;
; Top-level Entity Name ; my_first_fpga                         ;
; Family                ; Cyclone V                             ;
; Device                ; 5CSEMA5F31C6                          ;
+-----------------------+---------------------------------------+


+----------------------------------+
; Assembler Settings               ;
+--------+---------+---------------+
; Option ; Setting ; Default Value ;
+--------+---------+---------------+


+-----------------------------------------------------------------------------------------------------------------------------------------------+
; Assembler Generated Files                                                                                                                     ;
+-----------------------------------------------------------------------------------------------------------------------------------------------+
; File Name                                                                                                                                     ;
+-----------------------------------------------------------------------------------------------------------------------------------------------+
; X:/Graduate/ECEN5863/ProgrammableLogic/Homework3Practical/DE1-SoC_v.5.1.2_HWrevF_SystemCD/Demonstrations/FPGA/my_first_fpga/my_first_fpga.sof ;
+-----------------------------------------------------------------------------------------------------------------------------------------------+


+-------------------------------------------------------------------------------------------------------------------------------------------------------------------------+
; Assembler Device Options: X:/Graduate/ECEN5863/ProgrammableLogic/Homework3Practical/DE1-SoC_v.5.1.2_HWrevF_SystemCD/Demonstrations/FPGA/my_first_fpga/my_first_fpga.sof ;
+----------------+--------------------------------------------------------------------------------------------------------------------------------------------------------+
; Option         ; Setting                                                                                                                                                ;
+----------------+--------------------------------------------------------------------------------------------------------------------------------------------------------+
; JTAG usercode  ; 0x00AF8265                                                                                                                                             ;
; Checksum       ; 0x00AF8265                                                                                                                                             ;
+----------------+--------------------------------------------------------------------------------------------------------------------------------------------------------+


+--------------------+
; Assembler Messages ;
+--------------------+
Info: *******************************************************************
Info: Running Quartus Prime Assembler
    Info: Version 18.1.0 Build 625 09/12/2018 SJ Lite Edition
    Info: Processing started: Wed Nov 15 11:05:45 2023
Info: Command: quartus_asm --read_settings_files=off --write_settings_files=off my_first_fpga -c my_first_fpga
Warning (125092): Tcl Script File pll1.qip not found
    Info (125063): set_global_assignment -name QIP_FILE pll1.qip
Warning (125092): Tcl Script File pll1.sip not found
    Info (125063): set_global_assignment -name SIP_FILE pll1.sip
Warning (18236): Number of processors has not been specified which may cause overloading on shared machines.  Set the global assignment NUM_PARALLEL_PROCESSORS in your QSF to an appropriate value for best performance.
Info (115030): Assembler is generating device programming files
Info: Quartus Prime Assembler was successful. 0 errors, 3 warnings
    Info: Peak virtual memory: 4836 megabytes
    Info: Processing ended: Wed Nov 15 11:05:55 2023
    Info: Elapsed time: 00:00:10
    Info: Total CPU time (on all processors): 00:00:05


