Resource Usage Report for HW4_Q3A 

Mapping to part: m2s010vf400-1
Cell usage:
CLKINT          2 uses
CFG1           1 use
CFG3           1 use
CFG4           7 uses

Carry cells:
ARI1            24 uses - used for arithmetic functions


Sequential Cells: 
SLE            25 uses

DSP Blocks:    0 of 22 (0%)

I/O ports: 28
I/O primitives: 28
INBUF          2 uses
OUTBUF         26 uses


Global Clock Buffers: 2

Total LUTs:    33

Extra resources required for RAM and MACC interface logic during P&R:

RAM64x18 Interface Logic : SLEs = 0; LUTs = 0;
RAM1K18  Interface Logic : SLEs = 0; LUTs = 0;
MACC     Interface Logic : SLEs = 0; LUTs = 0;

Total number of SLEs after P&R:  25 + 0 + 0 + 0 = 25;
Total number of LUTs after P&R:  33 + 0 + 0 + 0 = 33;

