
Copyright (C) 1994-2020 Synopsys, Inc.
This Synopsys software and all associated documentation are proprietary to Synopsys, Inc.
and may only be used pursuant to the terms and conditions of a written license agreement
with Synopsys, Inc. All other use, reproduction, modification, or distribution of the
Synopsys software or the associated documentation is strictly prohibited.
Tool: Synplify Pro (R)
Build: Q-2020.03M-SP1
Install: D:\Microsemi\Libero_SoC_v12.6\SynplifyPro
OS: Windows 6.2

Hostname: STARGATE-COMMAN

Implementation : synthesis

# Written on Sun Dec 10 17:23:49 2023

##### DESIGN INFO #######################################################

Top View:                "fifo2x8"
Constraint File(s):      "X:\Graduate\ECEN5863\ProgrammableLogic\Homework6\Question2\fifo2x8\designer\fifo2x8\synthesis.fdc"




##### SUMMARY ############################################################

Found 0 issues in 0 out of 0 constraints


##### DETAILS ############################################################



Clock Relationships
*******************

Starting         Ending           |     rise to rise     |     fall to fall     |     rise to fall     |     fall to rise                     
---------------------------------------------------------------------------------------------------------------------------------------------
fifo2x8|clk2     fifo2x8|clk2     |     10.000           |     No paths         |     No paths         |     No paths                         
fifo2x8|clk2     fifo2x8|clk1     |     Diff grp         |     No paths         |     No paths         |     No paths                         
fifo2x8|clk1     fifo2x8|clk2     |     Diff grp         |     No paths         |     No paths         |     No paths                         
fifo2x8|clk1     fifo2x8|clk1     |     10.000           |     No paths         |     No paths         |     No paths                         
=============================================================================================================================================
 Note: 'No paths' indicates there are no paths in the design for that pair of clock edges.
       'Diff grp' indicates that paths exist but the starting clock and ending clock are in different clock groups.


Unconstrained Start/End Points
******************************

p:data_in[0]
p:data_in[1]
p:data_in[2]
p:data_in[3]
p:data_in[4]
p:data_in[5]
p:data_in[6]
p:data_in[7]
p:data_out[0]
p:data_out[1]
p:data_out[2]
p:data_out[3]
p:data_out[4]
p:data_out[5]
p:data_out[6]
p:data_out[7]
p:empty
p:full
p:rd
p:rdinc
p:rdptrclr
p:rst
p:wr
p:wrinc
p:wrptrclr


Inapplicable constraints
************************

(none)


Applicable constraints with issues
**********************************

(none)


Constraints with matching wildcard expressions
**********************************************

(none)


Library Report
**************


# End of Constraint Checker Report
