One matching license found for this product: synplifypro_actel

Starting:    D:\Microsemi\Libero_SoC_v12.6\SynplifyPro\bin64\mbin\synbatch.exe
Install:     D:\Microsemi\Libero_SoC_v12.6\SynplifyPro
Hostname:    STARGATE-COMMAN
Date:        Sun Dec 10 17:23:44 2023
Version:     Q-2020.03M-SP1

Arguments:   -product synplify_pro -batch -log synplify.log fifo2x8_syn.tcl
ProductType: synplify_pro

License checkout: synplifypro_actel
License: synplifypro_actel node-locked 
Licensed Vendor: actel
License Option: actel_oem

Running in Vendor Mode

auto_infer_blackbox is not supported in current product.
log file: "X:\Graduate\ECEN5863\ProgrammableLogic\Homework6\Question2\fifo2x8\synthesis\fifo2x8.srr"
Running: synthesis in foreground

Running fifo2x8_syn|synthesis

Running Flow: compile (Compile) on fifo2x8_syn|synthesis
# Sun Dec 10 17:23:45 2023

Running Flow: compile_flow (Compile Process) on fifo2x8_syn|synthesis
# Sun Dec 10 17:23:45 2023

Running: compiler (Compile Input) on fifo2x8_syn|synthesis
# Sun Dec 10 17:23:45 2023
Copied X:\Graduate\ECEN5863\ProgrammableLogic\Homework6\Question2\fifo2x8\synthesis\synwork\fifo2x8_comp.srs to X:\Graduate\ECEN5863\ProgrammableLogic\Homework6\Question2\fifo2x8\synthesis\fifo2x8.srs

compiler completed
# Sun Dec 10 17:23:47 2023

Return Code: 0
Run Time:00h:00m:02s

Running: multi_srs_gen (Multi-srs Generator) on fifo2x8_syn|synthesis
# Sun Dec 10 17:23:47 2023

multi_srs_gen completed
# Sun Dec 10 17:23:47 2023

Return Code: 0
Run Time:00h:00m:00s
Copied X:\Graduate\ECEN5863\ProgrammableLogic\Homework6\Question2\fifo2x8\synthesis\synwork\fifo2x8_mult.srs to X:\Graduate\ECEN5863\ProgrammableLogic\Homework6\Question2\fifo2x8\synthesis\fifo2x8.srs
Complete: Compile Process on fifo2x8_syn|synthesis

Running: premap (Premap) on fifo2x8_syn|synthesis
# Sun Dec 10 17:23:47 2023

premap completed with warnings
# Sun Dec 10 17:23:49 2023

Return Code: 1
Run Time:00h:00m:02s
Complete: Compile on fifo2x8_syn|synthesis

Running Flow: map (Map) on fifo2x8_syn|synthesis
# Sun Dec 10 17:23:49 2023
License granted for 4 parallel jobs

Running: fpga_mapper (Map & Optimize) on fifo2x8_syn|synthesis
# Sun Dec 10 17:23:49 2023
Copied X:\Graduate\ECEN5863\ProgrammableLogic\Homework6\Question2\fifo2x8\synthesis\synwork\fifo2x8_m.srm to X:\Graduate\ECEN5863\ProgrammableLogic\Homework6\Question2\fifo2x8\synthesis\fifo2x8.srm

fpga_mapper completed with warnings
# Sun Dec 10 17:23:52 2023

Return Code: 1
Run Time:00h:00m:03s
Complete: Map on fifo2x8_syn|synthesis
Complete: Logic Synthesis on fifo2x8_syn|synthesis
TCL script complete: "fifo2x8_syn.tcl"
exit status=0
exit status=0
License checkin: synplifypro_actel
