Resource Usage Report for fifo2x8 

Mapping to part: m2s010vf400std
Cell usage:
CLKINT          3 uses
CFG1           2 uses
CFG2           8 uses
CFG3           8 uses


Sequential Cells: 
SLE            32 uses

DSP Blocks:    0 of 22 (0%)

I/O ports: 27
I/O primitives: 27
INBUF          17 uses
OUTBUF         10 uses


Global Clock Buffers: 3

Total LUTs:    18

Extra resources required for RAM and MACC interface logic during P&R:

RAM64x18 Interface Logic : SLEs = 0; LUTs = 0;
RAM1K18  Interface Logic : SLEs = 0; LUTs = 0;
MACC     Interface Logic : SLEs = 0; LUTs = 0;

Total number of SLEs after P&R:  32 + 0 + 0 + 0 = 32;
Total number of LUTs after P&R:  18 + 0 + 0 + 0 = 18;

